-------------------------------------------------------------------------------
Test set: examples.ExamplesTest
-------------------------------------------------------------------------------
Tests run: 1, Failures: 1, Errors: 0, Skipped: 0, Time elapsed: 10.967 s <<< FAILURE! - in examples.ExamplesTest
testParallel  Time elapsed: 10.955 s  <<< FAILURE!
org.opentest4j.AssertionFailedError: 
status code was: 200, expected: 400, response time in milliseconds: 1762, url: https://petstore.swagger.io/v2/pet/findByStatus?status=available, response: 
[{"id":9223372036854772447,"category":{"id":1,"name":"123"},"name":"Bobik","photoUrls":["string"],"tags":[{"id":1,"name":"234"},{"id":1,"name":"456"}],"status":"available"},{"id":9223372036854772449,"category":{"id":0,"name":"string"},"name":"doggie","photoUrls":["string"],"tags":[{"id":0,"name":"string"}],"status":"available"},{"id":9223372036854772455,"category":{"id":0,"name":"string"},"name":"fish","photoUrls":["string"],"tags":[{"id":0,"name":"string"}],"status":"available"},{"id":9223372036854772456,"category":{"id":0,"name":"string"},"name":"fish","photoUrls":["string"],"tags":[{"id":0,"name":"string"}],"status":"available"},{"id":9223372036854772461,"category":{"id":0,"name":"string"},"name":"doggie","photoUrls":["string"],"tags":[{"id":0,"name":"string"}],"status":"available"},{"id":9223372036854772464,"category":{"id":1,"name":"123"},"name":"Bobik","photoUrls":["string"],"tags":[{"id":1,"name":"234"},{"id":1,"name":"456"}],"status":"available"},{"id":9223372036854772466,"category":{"id":0,"name":"string"},"name":"fish","photoUrls":["string"],"tags":[{"id":0,"name":"string"}],"status":"available"},{"id":9223372036854772467,"category":{"id":0,"name":"string"},"name":"fish","photoUrls":["string"],"tags":[{"id":0,"name":"string"}],"status":"available"},{"id":222,"name":"tex","photoUrls":[],"tags":[{"id":21,"name":"tex"}],"status":"available"},{"id":9223372036854772472,"category":{"id":-40550398,"name":"fish"},"name":"nemo","photoUrls":["ut incididunt Duis Ut quis","esse dolor aute"],"tags":[{"id":87374033,"name":"laborum anim commodo"},{"id":20541211,"name":"enim deserunt"}],"status":"available"},{"id":9223372036854772475,"name":"Jimmy","photoUrls":["string"],"tags":[],"status":"available"},{"id":49087884,"category":{"id":-50629969,"name":"Excepteur elit"},"name":"doggie","photoUrls":["sed velit","ullamco dolore minim voluptate"],"tags":[{"id":-56971972,"name":"ipsum id mollit"},{"id":-27456905,"name":"aliquip velit amet ex"}],"status":"available"},{"id":9223372036854772487,"category":{"id":0,"name":"string"},"name":"fish","photoUrls":["string"],"tags":[{"id":0,"name":"string"}],"status":"available"},{"id":9223372036854772488,"category":{"id":0,"name":"string"},"name":"fish","photoUrls":["string"],"tags":[{"id":0,"name":"string"}],"status":"available"},{"id":9223372036854772489,"category":{"id":0,"name":"string"},"name":"fish","photoUrls":["string"],"tags":[{"id":0,"name":"string"}],"status":"available"},{"id":9223372036854772490,"category":{"id":0,"name":"string"},"name":"fish","photoUrls":["string"],"tags":[{"id":0,"name":"string"}],"status":"available"},{"id":9223372036854772491,"category":{"id":0,"name":"string"},"name":"doggie","photoUrls":["string"],"tags":[{"id":0,"name":"string"}],"status":"available"},{"id":9223372036854772494,"category":{"id":1,"name":"Cat"},"name":"Bruno","photoUrls":["https://upload.wikimedia.org/wikipedia/commons/0/0e/Felis_silvestris_silvestris.jpg"],"tags":[{"id":1,"name":"Felis silvestris"}],"status":"available"},{"id":9223372036854772509,"category":{"id":0,"name":"string"},"name":"doggie","photoUrls":["string"],"tags":[{"id":0,"name":"string"}],"status":"available"},{"id":9223372036854772516,"category":{"id":0,"name":"string"},"name":"doggie","photoUrls":["string"],"tags":[{"id":0,"name":"string"}],"status":"available"},{"id":9223372036854772524,"category":{"id":0,"name":"string"},"name":"Blue","photoUrls":["string"],"tags":[{"id":0,"name":"string"}],"status":"available"},{"id":9223372036854772535,"category":{"id":1,"name":"123"},"name":"Bobik","photoUrls":["string"],"tags":[{"id":1,"name":"234"},{"id":1,"name":"456"}],"status":"available"},{"id":9223372036854772547,"category":{"id":0,"name":"string"},"name":"fish","photoUrls":["string"],"tags":[{"id":0,"name":"string"}],"status":"available"},{"id":9223372036854772548,"category":{"id":0,"name":"string"},"name":"fish","photoUrls":["string"],"tags":[{"id":0,"name":"string"}],"status":"available"},{"id":9223372036854772552,"category":{"id":0,"name":"string"},"name":"doggie","photoUrls":["string"],"tags":[{"id":0,"name":"string"}],"status":"available"},{"id":9223372036854772553,"category":{"id":0,"name":"string"},"name":"fish","photoUrls":["string"],"tags":[{"id":0,"name":"string"}],"status":"available"},{"id":23456789,"category":{"id":0,"name":"string"},"name":"doggie","photoUrls":["string"],"tags":[{"id":0,"name":"string"}],"status":"available"},{"id":9223372036854772560,"category":{"id":0,"name":"string"},"name":"fish","photoUrls":["string"],"tags":[{"id":0,"name":"string"}],"status":"available"},{"id":9223372036854772567,"category":{"id":0,"name":"string"},"name":"doggie","photoUrls":["string"],"tags":[{"id":0,"name":"string"}],"status":"available"},{"id":9223372036854772568,"name":"doggie","photoUrls":[],"tags":[],"status":"available"},{"id":9223372036854772569,"name":"doggie","photoUrls":[],"tags":[],"status":"available"},{"id":9223372036854772571,"name":"doggie","photoUrls":[],"tags":[],"status":"available"},{"id":9223372036854772574,"name":"petname","photoUrls":[],"tags":[],"status":"available"},{"id":9223372036854772577,"name":"doggie","photoUrls":[],"tags":[],"status":"available"},{"id":9223372036854772578,"name":"doggie3","photoUrls":[],"tags":[],"status":"available"},{"id":9223372036854772579,"name":"doggie","photoUrls":[],"tags":[],"status":"available"},{"id":9223372036854772580,"name":"doggie2","photoUrls":[],"tags":[],"status":"available"},{"id":9223372036854772581,"name":"doggie3","photoUrls":[],"tags":[],"status":"available"},{"id":9223372036854772582,"name":"doggie","photoUrls":[],"tags":[],"status":"available"},{"id":9223372036854772583,"name":"doggie","photoUrls":[],"tags":[],"status":"available"},{"id":9223372036854772584,"name":"doggie","photoUrls":[],"tags":[],"status":"available"},{"id":9223372036854772585,"name":"doggie2","photoUrls":[],"tags":[],"status":"available"},{"id":9223372036854772586,"name":"doggie3","photoUrls":[],"tags":[],"status":"available"},{"id":9223372036854772587,"name":"doggie","photoUrls":[],"tags":[],"status":"available"},{"id":9223372036854772588,"name":"doggie2","photoUrls":[],"tags":[],"status":"available"},{"id":9223372036854772589,"name":"doggie3","photoUrls":[],"tags":[],"status":"available"},{"id":9223372036854772590,"name":"doggie","photoUrls":[],"tags":[],"status":"available"},{"id":9223372036854772591,"name":"doggie2","photoUrls":[],"tags":[],"status":"available"},{"id":9223372036854772592,"name":"doggie3","photoUrls":[],"tags":[],"status":"available"},{"id":9223372036854772594,"name":"doggie","photoUrls":[],"tags":[],"status":"available"},{"id":9223372036854772596,"name":"doggie2","photoUrls":[],"tags":[],"status":"available"},{"id":9223372036854772597,"name":"doggie3","photoUrls":[],"tags":[],"status":"available"},{"id":9223372036854772598,"name":"doggie","photoUrls":[],"tags":[],"status":"available"},{"id":9223372036854772599,"name":"doggie2","photoUrls":[],"tags":[],"status":"available"},{"id":9223372036854772600,"name":"doggie3","photoUrls":[],"tags":[],"status":"available"},{"id":9223372036854772601,"name":"doggie","photoUrls":[],"tags":[],"status":"available"},{"id":9223372036854772602,"name":"doggie","photoUrls":[],"tags":[],"status":"available"},{"id":9223372036854772603,"name":"doggie2","photoUrls":[],"tags":[],"status":"available"},{"id":9223372036854772604,"name":"doggie3","photoUrls":[],"tags":[],"status":"available"},{"id":9223372036854772605,"name":"doggie","photoUrls":[],"tags":[],"status":"available"},{"id":9223372036854772606,"name":"doggie","photoUrls":[],"tags":[],"status":"available"},{"id":9223372036854772607,"name":"doggie","photoUrls":[],"tags":[],"status":"available"},{"id":9223372036854772618,"name":"doggie4","photoUrls":[],"tags":[],"status":"available"},{"id":9223372036854772619,"name":"doggie3","photoUrls":[],"tags":[],"status":"available"},{"id":9223372036854772620,"name":"doggie2","photoUrls":[],"tags":[],"status":"available"},{"id":9223372036854772621,"name":"doggie1","photoUrls":[],"tags":[],"status":"available"},{"id":9223372036854772622,"name":"doggie0","photoUrls":[],"tags":[],"status":"available"},{"id":9223372036854772629,"category":{"id":0,"name":"string"},"name":"doggie","photoUrls":["string"],"tags":[{"id":0,"name":"string"}],"status":"available"},{"id":9223372036854772630,"name":"doggie","photoUrls":[],"tags":[],"status":"available"},{"id":9223372036854772631,"name":"doggie","photoUrls":[],"tags":[],"status":"available"},{"id":9223372036854772633,"name":"doggie","photoUrls":[],"tags":[],"status":"available"},{"id":9223372036854772636,"name":"petname","photoUrls":[],"tags":[],"status":"available"},{"id":9223372036854772639,"name":"doggie","photoUrls":[],"tags":[],"status":"available"},{"id":9223372036854772640,"name":"doggie3","photoUrls":[],"tags":[],"status":"available"},{"id":9223372036854772641,"name":"doggie","photoUrls":[],"tags":[],"status":"available"},{"id":9223372036854772642,"name":"doggie2","photoUrls":[],"tags":[],"status":"available"},{"id":9223372036854772643,"name":"doggie3","photoUrls":[],"tags":[],"status":"available"},{"id":9223372036854772644,"name":"doggie","photoUrls":[],"tags":[],"status":"available"},{"id":9223372036854772645,"name":"doggie","photoUrls":[],"tags":[],"status":"available"},{"id":9223372036854772646,"name":"doggie","photoUrls":[],"tags":[],"status":"available"},{"id":9223372036854772647,"name":"doggie2","photoUrls":[],"tags":[],"status":"available"},{"id":9223372036854772648,"name":"doggie3","photoUrls":[],"tags":[],"status":"available"},{"id":9223372036854772649,"name":"doggie","photoUrls":[],"tags":[],"status":"available"},{"id":9223372036854772650,"name":"doggie2","photoUrls":[],"tags":[],"status":"available"},{"id":9223372036854772651,"name":"doggie3","photoUrls":[],"tags":[],"status":"available"},{"id":9223372036854772652,"name":"doggie","photoUrls":[],"tags":[],"status":"available"},{"id":9223372036854772653,"name":"doggie2","photoUrls":[],"tags":[],"status":"available"},{"id":9223372036854772654,"name":"doggie3","photoUrls":[],"tags":[],"status":"available"},{"id":9223372036854772655,"name":"doggie","photoUrls":[],"tags":[],"status":"available"},{"id":9223372036854772656,"name":"doggie2","photoUrls":[],"tags":[],"status":"available"},{"id":9223372036854772657,"name":"doggie3","photoUrls":[],"tags":[],"status":"available"},{"id":9223372036854772658,"name":"doggie","photoUrls":[],"tags":[],"status":"available"},{"id":9223372036854772659,"name":"doggie","photoUrls":[],"tags":[],"status":"available"},{"id":9223372036854772660,"name":"doggie","photoUrls":[],"tags":[],"status":"available"},{"id":9223372036854772661,"name":"doggie2","photoUrls":[],"tags":[],"status":"available"},{"id":9223372036854772663,"name":"doggie3","photoUrls":[],"tags":[],"status":"available"},{"id":9223372036854772664,"name":"doggie","photoUrls":[],"tags":[],"status":"available"},{"id":9223372036854772665,"name":"doggie","photoUrls":[],"tags":[],"status":"available"},{"id":9223372036854772666,"name":"doggie","photoUrls":[],"tags":[],"status":"available"},{"id":9223372036854772667,"name":"doggie2","photoUrls":[],"tags":[],"status":"available"},{"id":9223372036854772670,"name":"petname","photoUrls":[],"tags":[],"status":"available"},{"id":9223372036854772671,"name":"doggie3","photoUrls":[],"tags":[],"status":"available"},{"id":9223372036854772674,"name":"doggie","photoUrls":[],"tags":[],"status":"available"},{"id":9223372036854772675,"name":"doggie","photoUrls":[],"tags":[],"status":"available"},{"id":9223372036854772676,"name":"doggie","photoUrls":[],"tags":[],"status":"available"},{"id":9223372036854772677,"name":"doggie3","photoUrls":[],"tags":[],"status":"available"},{"id":9223372036854772678,"name":"doggie","photoUrls":[],"tags":[],"status":"available"},{"id":9223372036854772679,"name":"doggie","photoUrls":[],"tags":[],"status":"available"},{"id":9223372036854772680,"category":{"id":1,"name":"123"},"name":"Bobik","photoUrls":["string"],"tags":[{"id":1,"name":"234"},{"id":1,"name":"456"}],"status":"available"},{"id":9223372036854772683,"name":"doggie2","photoUrls":[],"tags":[],"status":"available"},{"id":9223372036854772687,"name":"doggie3","photoUrls":[],"tags":[],"status":"available"},{"id":9223372036854772689,"name":"doggie","photoUrls":[],"tags":[],"status":"available"},{"id":9223372036854772695,"name":"doggie","photoUrls":[],"tags":[],"status":"available"},{"id":9223372036854772696,"name":"doggie","photoUrls":[],"tags":[],"status":"available"},{"id":9223372036854772697,"name":"doggie2","photoUrls":[],"tags":[],"status":"available"},{"id":9223372036854772698,"name":"doggie1","photoUrls":[],"tags":[],"status":"available"},{"id":9223372036854772699,"name":"doggie3","photoUrls":[],"tags":[],"status":"available"},{"id":9223372036854772700,"name":"doggie0","photoUrls":[],"tags":[],"status":"available"},{"id":9223372036854772701,"name":"doggie4","photoUrls":[],"tags":[],"status":"available"},{"id":9223372036854772702,"name":"doggie2","photoUrls":[],"tags":[],"status":"available"},{"id":9223372036854772703,"name":"doggie3","photoUrls":[],"tags":[],"status":"available"},{"id":9223372036854772704,"name":"doggie","photoUrls":[],"tags":[],"status":"available"},{"id":9223372036854772706,"name":"doggie2","photoUrls":[],"tags":[],"status":"available"},{"id":9223372036854772707,"name":"doggie3","photoUrls":[],"tags":[],"status":"available"},{"id":9223372036854772709,"name":"doggie","photoUrls":[],"tags":[],"status":"available"},{"id":9223372036854772710,"name":"doggie2","photoUrls":[],"tags":[],"status":"available"},{"id":9223372036854772711,"name":"doggie3","photoUrls":[],"tags":[],"status":"available"},{"id":9223372036854772712,"name":"doggie","photoUrls":[],"tags":[],"status":"available"},{"id":9223372036854772713,"name":"doggie2","photoUrls":[],"tags":[],"status":"available"},{"id":9223372036854772714,"name":"doggie3","photoUrls":[],"tags":[],"status":"available"},{"id":9223372036854772715,"name":"doggie","photoUrls":[],"tags":[],"status":"available"},{"id":9223372036854772716,"name":"doggie2","photoUrls":[],"tags":[],"status":"available"},{"id":9223372036854772717,"name":"doggie3","photoUrls":[],"tags":[],"status":"available"},{"id":9223372036854772718,"name":"doggie","photoUrls":[],"tags":[],"status":"available"},{"id":9223372036854772719,"name":"doggie","photoUrls":[],"tags":[],"status":"available"},{"id":9223372036854772720,"name":"doggie2","photoUrls":[],"tags":[],"status":"available"},{"id":9223372036854772721,"name":"doggie3","photoUrls":[],"tags":[],"status":"available"},{"id":9223372036854772722,"name":"doggie","photoUrls":[],"tags":[],"status":"available"},{"id":9223372036854772723,"name":"doggie","photoUrls":[],"tags":[],"status":"available"},{"id":9223372036854772724,"name":"doggie","photoUrls":[],"tags":[],"status":"available"},{"id":9223372036854772735,"name":"doggie1","photoUrls":[],"tags":[],"status":"available"},{"id":9223372036854772736,"name":"doggie0","photoUrls":[],"tags":[],"status":"available"},{"id":9223372036854772737,"name":"doggie3","photoUrls":[],"tags":[],"status":"available"},{"id":9223372036854772738,"name":"doggie2","photoUrls":[],"tags":[],"status":"available"},{"id":9223372036854772739,"name":"doggie4","photoUrls":[],"tags":[],"status":"available"},{"id":9223372036854772744,"category":{"id":1,"name":"123"},"name":"Bobik","photoUrls":["string"],"tags":[{"id":1,"name":"234"},{"id":1,"name":"456"}],"status":"available"},{"id":9223372036854772748,"category":{"id":1,"name":"123"},"name":"Bobik","photoUrls":["string"],"tags":[{"id":1,"name":"234"},{"id":1,"name":"456"}],"status":"available"},{"id":9223372036854772751,"category":{"id":0,"name":"string"},"name":"fish","photoUrls":["string"],"tags":[{"id":0,"name":"string"}],"status":"available"},{"id":9223372036854772752,"category":{"id":0,"name":"string"},"name":"fish","photoUrls":["string"],"tags":[{"id":0,"name":"string"}],"status":"available"},{"id":9223372036854772753,"category":{"id":1,"name":"123"},"name":"Bobik","photoUrls":["string"],"tags":[{"id":1,"name":"234"},{"id":1,"name":"456"}],"status":"available"},{"id":9223372036854772758,"category":{"id":1,"name":"123"},"name":"Bobik","photoUrls":["string"],"tags":[{"id":1,"name":"234"},{"id":1,"name":"456"}],"status":"available"},{"id":112233,"category":{"id":30,"name":"Eq-dog"},"name":"Postman","photoUrls":["URLLink"],"tags":[{"id":10,"name":"Doberman"}],"status":"available"},{"id":9223372036854772764,"name":"Jimmy","photoUrls":["string"],"tags":[],"status":"available"},{"id":9222968140491042131,"category":{"id":0,"name":"string"},"name":"doggie","photoUrls":["string"],"tags":[{"id":0,"name":"string"}],"status":"available"},{"id":9223372036854772765,"category":{"id":0,"name":"string"},"name":"fish","photoUrls":["string"],"tags":[{"id":0,"name":"string"}],"status":"available"},{"id":9223372036854772766,"category":{"id":0,"name":"string"},"name":"fish","photoUrls":["string"],"tags":[{"id":0,"name":"string"}],"status":"available"},{"id":9223372036854772771,"category":{"id":0,"name":"string"},"name":"fish","photoUrls":["string"],"tags":[{"id":0,"name":"string"}],"status":"available"},{"id":9223372036854772772,"category":{"id":0,"name":"string"},"name":"fish","photoUrls":["string"],"tags":[{"id":0,"name":"string"}],"status":"available"},{"id":9223372036854772773,"category":{"id":0,"name":"string"},"name":"fish","photoUrls":["string"],"tags":[{"id":0,"name":"string"}],"status":"available"},{"id":9223372036854772778,"category":{"id":0,"name":"string"},"name":"fish","photoUrls":["string"],"tags":[{"id":0,"name":"string"}],"status":"available"},{"id":9223372036854772786,"category":{"id":1804,"name":"dog"},"name":"rex","photoUrls":["string"],"tags":[{"id":1804,"name":"sheperd"}],"status":"available"},{"id":9223372036854772787,"category":{"id":0,"name":"string"},"name":"doggie","photoUrls":["string"],"tags":[{"id":0,"name":"string"}],"status":"available"},{"id":9223372036854772792,"category":{"id":1804,"name":"dog"},"name":"rex","photoUrls":["string"],"tags":[{"id":1804,"name":"sheperd"}],"status":"available"},{"id":9223372036854772793,"category":{"id":1804,"name":"dog"},"name":"rex","photoUrls":["string"],"tags":[{"id":1804,"name":"sheperd"}],"status":"available"},{"id":9223372036854772794,"category":{"id":0,"name":"cats"},"name":"красивые большие глазки","photoUrls":["https://klike.net/uploads/posts/2019-06/medium/1561011173_8.jpg"],"tags":[{"id":0,"name":"большие глазки"}],"status":"available"},{"id":9222968140497180179,"category":{"id":0,"name":"string"},"name":"test","photoUrls":["string"],"tags":[{"id":0,"name":"string"}],"status":"available"},{"id":9223372036854772805,"category":{"id":1804,"name":"dog"},"name":"rex","photoUrls":["string"],"tags":[{"id":1804,"name":"sheperd"}],"status":"available"},{"id":1245,"category":{"id":1245,"name":"xyz"},"name":"xyz","photoUrls":["test"],"tags":[],"status":"available"},{"id":9223372036854772809,"category":{"id":1804,"name":"dog"},"name":"rex","photoUrls":["string"],"tags":[{"id":1804,"name":"sheperd"}],"status":"available"},{"id":1340,"category":{"id":1340,"name":"cat"},"name":"persic","photoUrls":["string"],"tags":[{"id":1340,"name":"red"}],"status":"available"},{"id":9223372036854772829,"category":{"id":1804,"name":"dog"},"name":"rex","photoUrls":["string"],"tags":[{"id":1804,"name":"sheperd"}],"status":"available"},{"id":9223372036854772831,"category":{"id":0,"name":"string"},"name":"doggie","photoUrls":["string"],"tags":[{"id":0,"name":"string"}],"status":"available"},{"id":478364873,"category":{"id":1,"name":"Cat"},"name":"Bruno","photoUrls":["https://upload.wikimedia.org/wikipedia/commons/0/0e/Felis_silvestris_silvestris.jpg"],"tags":[{"id":1,"name":"Felis silvestris"}],"status":"available"},{"id":9223372036854772832,"category":{"id":0,"name":"string"},"name":"fish","photoUrls":["string"],"tags":[{"id":0,"name":"string"}],"status":"available"},{"id":9223372036854772833,"category":{"id":0,"name":"string"},"name":"doggie","photoUrls":["string"],"tags":[{"id":0,"name":"string"}],"status":"available"},{"id":9223372036854772835,"category":{"id":0,"name":"string"},"name":"fish","photoUrls":["string"],"tags":[{"id":0,"name":"string"}],"status":"available"},{"id":9223372036854772838,"category":{"id":0,"name":"string"},"name":"doggie","photoUrls":["string"],"tags":[{"id":0,"name":"string"}],"status":"available"},{"id":9223372036854772845,"name":"doggieUpdated","photoUrls":[],"tags":[],"status":"available"},{"id":9223372036854772846,"name":"fishUpdated","photoUrls":[],"tags":[],"status":"available"},{"id":9223372036854772847,"name":"LunaUpdated","photoUrls":[],"tags":[],"status":"available"},{"id":9223372036854772848,"name":"CharlieUpdated","photoUrls":[],"tags":[],"status":"available"},{"id":9223372036854772849,"category":{"id":0,"name":"string"},"name":"fish","photoUrls":["string"],"tags":[{"id":0,"name":"string"}],"status":"available"},{"id":88888,"category":{"id":0,"name":"string"},"name":"bentley","photoUrls":["string"],"tags":[{"id":0,"name":"string"}],"status":"available"},{"id":9223372036854772862,"name":"doggieUpdated","photoUrls":[],"tags":[],"status":"available"},{"id":9223372036854772866,"name":"fishUpdated","photoUrls":[],"tags":[],"status":"available"},{"id":9223372036854772868,"name":"LunaUpdated","photoUrls":[],"tags":[],"status":"available"},{"id":9223372036854772869,"category":{"id":1804,"name":"dog"},"name":"rex","photoUrls":["string"],"tags":[{"id":1804,"name":"sheperd"}],"status":"available"},{"id":9223372036854772870,"name":"CharlieUpdated","photoUrls":[],"tags":[],"status":"available"},{"id":9223372036854772872,"category":{"id":1804,"name":"dog"},"name":"rex","photoUrls":["string"],"tags":[{"id":1804,"name":"sheperd"}],"status":"available"},{"id":9223372036854772875,"category":{"id":0,"name":"string"},"name":"fish","photoUrls":["string"],"tags":[{"id":0,"name":"string"}],"status":"available"},{"id":9223372036854772876,"category":{"id":0,"name":"string"},"name":"doggie","photoUrls":["string"],"tags":[{"id":0,"name":"string"}],"status":"available"},{"id":9223372036854772884,"category":{"id":0,"name":"Dog"},"name":"Günther","photoUrls":["https://www.bmel.de/SharedDocs/Bilder/DE/_Tiere/Haus-Zootiere/tierschutz-hunde.jpg?__blob=wide&v=3"],"tags":[{"id":0,"name":"string"}],"status":"available"},{"id":9223372036854772907,"category":{"id":0,"name":"string"},"name":"fish","photoUrls":["string"],"tags":[{"id":0,"name":"string"}],"status":"available"},{"id":9223372036854772911,"category":{"id":0,"name":"string"},"name":"fish","photoUrls":["string"],"tags":[{"id":0,"name":"string"}],"status":"available"},{"id":9223372036854772913,"category":{"id":0,"name":"Жужа"},"name":"doggie","photoUrls":["string"],"tags":[{"id":0,"name":"string"}],"status":"available"},{"id":9223372036854772922,"category":{"id":0,"name":"mer"},"name":"doggie","photoUrls":["string"],"tags":[{"id":0,"name":"kuuur"}],"status":"available"},{"id":9223372036854772926,"category":{"id":0,"name":"string"},"name":"doggie","photoUrls":["string"],"tags":[{"id":0,"name":"string"}],"status":"available"},{"id":9223372036854772927,"category":{"id":0,"name":"string"},"name":"fish","photoUrls":["string"],"tags":[{"id":0,"name":"string"}],"status":"available"},{"id":9223372036854772928,"category":{"id":0,"name":"string"},"name":"fish","photoUrls":["string"],"tags":[{"id":0,"name":"string"}],"status":"available"},{"id":9223372036854772932,"category":{"id":0,"name":"string"},"name":"doggie","photoUrls":["string"],"tags":[{"id":0,"name":"string"}],"status":"available"},{"id":9223372036854772937,"category":{"id":1,"name":"123"},"name":"Bobik","photoUrls":["string"],"tags":[{"id":1,"name":"234"},{"id":1,"name":"456"}],"status":"available"},{"id":9223372036854772938,"name":"Jimmy","photoUrls":["string"],"tags":[],"status":"available"},{"id":9223372036854772939,"category":{"id":0,"name":"string"},"name":"doggie","photoUrls":["string"],"tags":[{"id":0,"name":"string"}],"status":"available"},{"id":9223372036854772942,"category":{"id":0,"name":"string"},"name":"fish","photoUrls":["string"],"tags":[{"id":0,"name":"string"}],"status":"available"},{"id":9223372036854772943,"category":{"id":0,"name":"string"},"name":"fish","photoUrls":["string"],"tags":[{"id":0,"name":"string"}],"status":"available"},{"id":9223372036854772944,"category":{"id":0,"name":"string"},"name":"fish","photoUrls":["string"],"tags":[{"id":0,"name":"string"}],"status":"available"},{"id":3342,"category":{"id":0},"name":"keks","photoUrls":["string"],"tags":[{"id":0,"name":"string"}],"status":"available"},{"id":9223372036854772959,"category":{"id":0,"name":"string"},"name":"fish","photoUrls":["string"],"tags":[{"id":0,"name":"string"}],"status":"available"},{"id":5958,"category":{"id":0},"name":"keks","photoUrls":["string"],"tags":[{"id":0,"name":"string"}],"status":"available"},{"id":6730,"category":{"id":0},"name":"keks","photoUrls":["string"],"tags":[{"id":0,"name":"string"}],"status":"available"},{"id":9223372036854773018,"category":{"id":0,"name":"string"},"name":"doggie","photoUrls":["string"],"tags":[{"id":0,"name":"string"}],"status":"available"},{"id":9223372036854773019,"category":{"id":0,"name":"string"},"name":"Puppy","photoUrls":["string"],"tags":[{"id":0,"name":"string"}],"status":"available"},{"id":9223372036854773030,"category":{"id":0,"name":"string"},"name":"doggie","photoUrls":["string"],"tags":[{"id":0,"name":"string"}],"status":"available"},{"id":9223372036854773032,"category":{"id":0,"name":"string"},"name":"fish","photoUrls":["string"],"tags":[{"id":0,"name":"string"}],"status":"available"},{"id":9223372036854773033,"category":{"id":0,"name":"string"},"name":"fish","photoUrls":["string"],"tags":[{"id":0,"name":"string"}],"status":"available"},{"id":9223372036854773034,"category":{"id":0,"name":"string"},"name":"Puppy","photoUrls":["string"],"tags":[{"id":0,"name":"string"}],"status":"available"},{"id":9223372036854773035,"name":"Jimmy","photoUrls":["string"],"tags":[],"status":"available"},{"id":9223372036854773039,"category":{"id":0,"name":"string"},"name":"doggie","photoUrls":["string"],"tags":[{"id":0,"name":"string"}],"status":"available"},{"id":9359,"category":{"id":0},"name":"keks","photoUrls":["string"],"tags":[{"id":0,"name":"string"}],"status":"available"},{"id":9223372036854773044,"category":{"id":0,"name":"string"},"name":"fish","photoUrls":["string"],"tags":[{"id":0,"name":"string"}],"status":"available"},{"id":9223372036854773045,"category":{"id":0,"name":"string"},"name":"Gigi","photoUrls":["string"],"tags":[{"id":0,"name":"string"}],"status":"available"},{"id":9223372036854773046,"name":"Jimmy","photoUrls":["string"],"tags":[],"status":"available"},{"id":9223372036854773048,"category":{"id":0,"name":"string"},"name":"fish","photoUrls":["string"],"tags":[{"id":0,"name":"string"}],"status":"available"},{"id":123456,"name":"Fluffy","photoUrls":[],"tags":[],"status":"available"},{"id":9223372036854773066,"category":{"id":0,"name":"Жужа"},"name":"doggie","photoUrls":["string"],"tags":[{"id":0,"name":"string"}],"status":"available"},{"id":9223372036854773069,"category":{"id":0,"name":"string"},"name":"doggie","photoUrls":["string"],"tags":[{"id":0,"name":"string"}],"status":"available"},{"id":9223372036854773070,"category":{"id":0,"name":"string"},"name":"doggie","photoUrls":["string"],"tags":[{"id":0,"name":"string"}],"status":"available"},{"id":9223372036854773075,"category":{"id":0,"name":"string"},"name":"doggie","photoUrls":["string"],"tags":[{"id":0,"name":"string"}],"status":"available"},{"id":9223372036854773078,"category":{"id":0,"name":"cats"},"name":"красивые большие глазки","photoUrls":["https://klike.net/uploads/posts/2019-06/medium/1561011173_8.jpg"],"tags":[{"id":0,"name":"большие глазки"}],"status":"available"},{"id":9223372036854773080,"category":{"id":0,"name":"string"},"name":"doggie","photoUrls":["string"],"tags":[{"id":0,"name":"string"}],"status":"available"},{"id":9223372036854773082,"name":"Jimmy","photoUrls":["string"],"tags":[],"status":"available"},{"id":9223372036854773085,"category":{"id":0,"name":"string"},"name":"fish","photoUrls":["string"],"tags":[{"id":0,"name":"string"}],"status":"available"},{"id":9223372036854773086,"category":{"id":0,"name":"string"},"name":"fish","photoUrls":["string"],"tags":[{"id":0,"name":"string"}],"status":"available"},{"id":9223372036854773094,"category":{"id":0,"name":"string"},"name":"doggie","photoUrls":["string"],"tags":[{"id":0,"name":"string"}],"status":"available"},{"id":9223372036854773095,"category":{"id":0,"name":"cats"},"name":"красивые большие глазки","photoUrls":["https://klike.net/uploads/posts/2019-06/medium/1561011173_8.jpg"],"tags":[{"id":0,"name":"большие глазки"}],"status":"available"},{"id":9223372036854773096,"category":{"id":0,"name":"string"},"name":"doggie","photoUrls":["string"],"tags":[{"id":0,"name":"string"}],"status":"available"},{"id":9223372036854773099,"category":{"id":0,"name":"Жужа"},"name":"doggie","photoUrls":["string"],"tags":[{"id":0,"name":"string"}],"status":"available"},{"id":99996,"name":"doggie_by_ms","photoUrls":["string"],"tags":[{"id":0,"name":"string"}],"status":"available"},{"id":9223372036854773102,"category":{"id":0,"name":"string"},"name":"fish","photoUrls":["string"],"tags":[{"id":0,"name":"string"}],"status":"available"},{"id":9223372036854773103,"category":{"id":0,"name":"string"},"name":"fish","photoUrls":["string"],"tags":[{"id":0,"name":"string"}],"status":"available"},{"id":9223372036854773110,"category":{"id":0,"name":"string"},"name":"doggie","photoUrls":["string"],"tags":[{"id":0,"name":"string"}],"status":"available"},{"id":322,"category":{"id":323},"name":"Flopa","photoUrls":[],"tags":[],"status":"available"},{"id":9223372036854773116,"category":{"id":0,"name":"Жужа"},"name":"doggie","photoUrls":["string"],"tags":[{"id":0,"name":"string"}],"status":"available"},{"id":9223372036854773125,"category":{"id":0,"name":"string"},"name":"fish","photoUrls":["string"],"tags":[{"id":0,"name":"string"}],"status":"available"},{"id":9223372036854773127,"category":{"id":0,"name":"string"},"name":"fish","photoUrls":["string"],"tags":[{"id":0,"name":"string"}],"status":"available"},{"id":9223372036854773128,"category":{"id":0,"name":"string"},"name":"fish","photoUrls":["string"],"tags":[{"id":0,"name":"string"}],"status":"available"},{"id":9223372036854773129,"category":{"id":0,"name":"string"},"name":"fish","photoUrls":["string"],"tags":[{"id":0,"name":"string"}],"status":"available"},{"id":9223372036854773130,"category":{"id":0,"name":"Вава"},"name":"doggie","photoUrls":["string"],"tags":[{"id":0,"name":"string"}],"status":"available"},{"id":9223372036854773133,"category":{"id":0,"name":"cats"},"name":"красивые большие глазки","photoUrls":["https://klike.net/uploads/posts/2019-06/medium/1561011173_8.jpg"],"tags":[{"id":0,"name":"большие глазки"}],"status":"available"},{"id":103,"category":{"id":1,"name":"dog"},"name":"pokkirie","photoUrls":["string"],"tags":[{"id":0,"name":"string"}],"status":"available"},{"id":9223372036854773169,"name":"Jimmy","photoUrls":["string"],"tags":[],"status":"available"},{"id":9223372036854773170,"category":{"id":0,"name":"string"},"name":"doggie","photoUrls":["string"],"tags":[{"id":0,"name":"string"}],"status":"available"},{"id":9223372036854773187,"category":{"id":0,"name":"string"},"name":"fish","photoUrls":["string"],"tags":[{"id":0,"name":"string"}],"status":"available"},{"id":9223372036854773188,"category":{"id":0,"name":"string"},"name":"fish","photoUrls":["string"],"tags":[{"id":0,"name":"string"}],"status":"available"},{"id":90,"category":{"id":0,"name":"string"},"name":"\"\"","photoUrls":["string"],"tags":[{"id":0,"name":"tagSwathi"}],"status":"available"},{"id":9223372036854773198,"category":{"id":0,"name":"string"},"name":"doggie","photoUrls":["string"],"tags":[{"id":0,"name":"tagSwathi"}],"status":"available"},{"id":9223372036854773204,"category":{"id":0,"name":"string"},"name":"fish","photoUrls":["string"],"tags":[{"id":0,"name":"string"}],"status":"available"},{"id":55,"category":{"id":0,"name":"string"},"name":"VssAdministrator","photoUrls":["string"],"tags":[{"id":0,"name":"string"}],"status":"available"},{"id":9223372036854773212,"category":{"id":0,"name":"string"},"name":"doggie","photoUrls":["string"],"tags":[{"id":0,"name":"tagSwathi"}],"status":"available"},{"id":9223372036854773216,"category":{"id":0,"name":"string"},"name":"fish","photoUrls":["string"],"tags":[{"id":0,"name":"string"}],"status":"available"},{"id":9223372036854773218,"category":{"id":0,"name":"string"},"name":"doggie","photoUrls":["string"],"tags":[{"id":0,"name":"tagSwathi"}],"status":"available"},{"id":9223372036854773232,"category":{"id":0,"name":"string"},"name":"doggie","photoUrls":["string"],"tags":[{"id":0,"name":"tagSwathi"}],"status":"available"},{"id":9223372036854773236,"category":{"id":0,"name":"string"},"name":"doggie","photoUrls":["string"],"tags":[{"id":0,"name":"string"}],"status":"available"},{"id":9223372036854773250,"category":{"id":0,"name":"string"},"name":"doggie","photoUrls":["string"],"tags":[{"id":0,"name":"string"}],"status":"available"},{"id":9223372036854773251,"category":{"id":0,"name":"string"},"name":"doggie","photoUrls":["string"],"tags":[{"id":0,"name":"string"}],"status":"available"},{"id":9223372036854773252,"category":{"id":0,"name":"string"},"name":"fish","photoUrls":["string"],"tags":[{"id":0,"name":"string"}],"status":"available"},{"id":9223372036854773254,"category":{"id":0,"name":"string"},"name":"fish","photoUrls":["string"],"tags":[{"id":0,"name":"string"}],"status":"available"},{"id":9223372036854773263,"category":{"id":0,"name":"string"},"name":"fish","photoUrls":["string"],"tags":[{"id":0,"name":"string"}],"status":"available"},{"id":9223372036854773264,"category":{"id":0,"name":"string"},"name":"fish","photoUrls":["string"],"tags":[{"id":0,"name":"string"}],"status":"available"},{"id":9223372036854773265,"category":{"id":0,"name":"string"},"name":"doggie","photoUrls":["string"],"tags":[{"id":0,"name":"string"}],"status":"available"},{"id":9223372036854773266,"category":{"id":0,"name":"string"},"name":"doggie","photoUrls":["string"],"tags":[{"id":0,"name":"string"}],"status":"available"},{"id":9223372036854773267,"category":{"id":0,"name":"string"},"name":"doggie","photoUrls":["string"],"tags":[{"id":0,"name":"string"}],"status":"available"},{"id":9223372036854773268,"category":{"id":0,"name":"string"},"name":"doggie","photoUrls":["string"],"tags":[{"id":0,"name":"string"}],"status":"available"},{"id":9223372036854773269,"category":{"id":0,"name":"string"},"name":"doggie","photoUrls":["string"],"tags":[{"id":0,"name":"string"}],"status":"available"},{"id":9223372036854773270,"category":{"id":0,"name":"string"},"name":"doggie","photoUrls":["string"],"tags":[{"id":0,"name":"string"}],"status":"available"},{"id":9223372036854773273,"category":{"id":0,"name":"string"},"name":"doggie","photoUrls":["string"],"tags":[{"id":0,"name":"string"}],"status":"available"},{"id":9223372036854773274,"category":{"id":0,"name":"string"},"name":"doggie","photoUrls":["string"],"tags":[{"id":0,"name":"string"}],"status":"available"},{"id":9223372036854773276,"category":{"id":0,"name":"string"},"name":"doggie","photoUrls":["string"],"tags":[{"id":0,"name":"string"}],"status":"available"},{"id":9223372036854773278,"category":{"id":0,"name":"string"},"name":"doggie","photoUrls":["string"],"tags":[{"id":0,"name":"string"}],"status":"available"},{"id":9223372036854773283,"category":{"id":0,"name":"string"},"name":"doggie","photoUrls":["string"],"tags":[{"id":0,"name":"string"}],"status":"available"},{"id":12345,"category":{"id":0,"name":"cats"},"name":"красивые большие глазки","photoUrls":["https://klike.net/uploads/posts/2019-06/medium/1561011173_8.jpg"],"tags":[{"id":0,"name":"большие глазки"}],"status":"available"},{"id":1816,"category":{"id":1804,"name":"dog"},"name":"rex","photoUrls":["string"],"tags":[{"id":1804,"name":"sheperd"}],"status":"available"},{"id":9223372036854773285,"category":{"id":0,"name":"puppy"},"name":"doggie","photoUrls":["string"],"tags":[{"id":0,"name":"Charlie"}],"status":"available"},{"id":9223372036854773286,"category":{"id":0,"name":"string"},"name":"fish","photoUrls":["string"],"tags":[{"id":0,"name":"string"}],"status":"available"},{"id":9223372036854773287,"name":"siyaan","photoUrls":[],"tags":[],"status":"available"},{"id":9223372036854773288,"category":{"id":0,"name":"string"},"name":"doggie","photoUrls":["string"],"tags":[{"id":0,"name":"string"}],"status":"available"},{"id":9223372036854773289,"category":{"id":0,"name":"string"},"name":"doggie","photoUrls":["string"],"tags":[{"id":0,"name":"string"}],"status":"available"},{"id":9223372036854773290,"category":{"id":0,"name":"string"},"name":"fish","photoUrls":["string"],"tags":[{"id":0,"name":"string"}],"status":"available"},{"id":9223372036854773291,"category":{"id":0,"name":"string"},"name":"doggie","photoUrls":["string"],"tags":[{"id":0,"name":"string"}],"status":"available"},{"id":9223372036854773292,"category":{"id":0,"name":"string"},"name":"doggie","photoUrls":["string"],"tags":[{"id":0,"name":"string"}],"status":"available"},{"id":9223372036854773294,"category":{"id":0,"name":"string"},"name":"fish","photoUrls":["string"],"tags":[{"id":0,"name":"string"}],"status":"available"},{"id":9223372036854773295,"category":{"id":0,"name":"string"},"name":"fish","photoUrls":["string"],"tags":[{"id":0,"name":"string"}],"status":"available"},{"id":9223372036854773298,"category":{"id":0,"name":"string"},"name":"doggie","photoUrls":["string"],"tags":[{"id":0,"name":"string"}],"status":"available"},{"id":98798404,"category":{"id":67482512,"name":"eiusmod Excepteur cillum"},"name":"doggie","photoUrls":["consequat magna deserunt cupidatat","ullamco sunt amet ea conse"],"tags":[{"id":38658984,"name":"consequat tempor"},{"id":-69811051,"name":"eu cillum do nisi sit"}],"status":"available"},{"id":9223372036854773299,"category":{"id":0,"name":"string"},"name":"doggie","photoUrls":["string"],"tags":[{"id":0,"name":"string"}],"status":"available"},{"id":9223372036854773303,"category":{"id":0,"name":"string"},"name":"doggie","photoUrls":["string"],"tags":[{"id":0,"name":"string"}],"status":"available"},{"id":645,"category":{"id":1,"name":"dog"},"name":"Wow","photoUrls":[],"tags":[{"id":1,"name":"Dog"}],"status":"available"},{"id":9223372036854773320,"category":{"id":1,"name":"homie"},"name":"Alice322","photoUrls":["string"],"tags":[{"id":1,"name":"rabbit"}],"status":"available"},{"id":9223372036854773332,"category":{"id":0,"name":"string"},"name":"doggie","photoUrls":["string"],"tags":[{"id":0,"name":"string"}],"status":"available"},{"id":9223372036854773333,"category":{"id":0,"name":"string"},"name":"doggie","photoUrls":["string"],"tags":[{"id":0,"name":"string"}],"status":"available"},{"id":9223372036854773334,"category":{"id":0,"name":"string"},"name":"Blue","photoUrls":["string"],"tags":[{"id":0,"name":"string"}],"status":"available"},{"id":9223372036854773335,"category":{"id":0,"name":"string"},"name":"doggie","photoUrls":["string"],"tags":[{"id":0,"name":"string"}],"status":"available"},{"id":9223372036854773337,"category":{"id":0,"name":"Вава"},"name":"doggie","photoUrls":["string"],"tags":[{"id":0,"name":"string"}],"status":"available"},{"id":9223372036854773338,"category":{"id":0,"name":"string"},"name":"fish","photoUrls":["string"],"tags":[{"id":0,"name":"string"}],"status":"available"},{"id":9223372036854773339,"category":{"id":0,"name":"string"},"name":"doggie","photoUrls":["string"],"tags":[{"id":0,"name":"string"}],"status":"available"},{"id":9223372036854773340,"category":{"id":0,"name":"string"},"name":"doggie","photoUrls":["string"],"tags":[{"id":0,"name":"string"}],"status":"available"},{"id":19,"category":{"id":0,"name":"string"},"name":"doggie","photoUrls":["string"],"tags":[{"id":0,"name":"string"}],"status":"available"},{"id":9223372036854773345,"category":{"id":0,"name":"string"},"name":"fish","photoUrls":["string"],"tags":[{"id":0,"name":"string"}],"status":"available"},{"id":12,"category":{"id":1,"name":"string"},"name":"doggie","photoUrls":["string"],"tags":[{"id":1,"name":"string"}],"status":"available"},{"id":9223372036854773348,"category":{"id":0,"name":"string"},"name":"doggie","photoUrls":["string"],"tags":[{"id":0,"name":"string"}],"status":"available"},{"id":9223372036854773351,"category":{"id":0,"name":"Вава"},"name":"doggie","photoUrls":["string"],"tags":[{"id":0,"name":"string"}],"status":"available"},{"id":9223372036854773352,"category":{"id":0,"name":"string"},"name":"doggie","photoUrls":["string"],"tags":[{"id":0,"name":"string"}],"status":"available"},{"id":9223372036854773353,"category":{"id":0,"name":"string"},"name":"fish","photoUrls":["string"],"tags":[{"id":0,"name":"string"}],"status":"available"},{"id":9223372036854773363,"category":{"id":0,"name":"Вава"},"name":"doggie","photoUrls":["string"],"tags":[{"id":0,"name":"string"}],"status":"available"},{"id":9223372036854773367,"category":{"id":0,"name":"string"},"name":"doggie","photoUrls":["string"],"tags":[{"id":0,"name":"string"}],"status":"available"},{"id":9223372036854773368,"category":{"id":0,"name":"string"},"name":"doggie","photoUrls":["string"],"tags":[{"id":0,"name":"string"}],"status":"available"},{"id":83402955,"category":{"id":-47552382,"name":"non commodo in"},"name":"doggie","photoUrls":["est","aliqua culpa reprehenderit labore"],"tags":[{"id":-12365530,"name":"ea"},{"id":4697299,"name":"deserunt"}],"status":"available"},{"id":9223372036854773369,"category":{"id":0,"name":"string"},"name":"test","photoUrls":["string"],"tags":[{"id":0,"name":"string"}],"status":"available"},{"id":9223372036854773370,"category":{"id":0,"name":"string"},"name":"test","photoUrls":["string"],"tags":[{"id":0,"name":"string"}],"status":"available"},{"id":9223372036854773371,"category":{"id":0,"name":"string"},"name":"test","photoUrls":["string"],"tags":[{"id":0,"name":"string"}],"status":"available"},{"id":9223372036854773372,"category":{"id":0,"name":"string"},"name":"test","photoUrls":["string"],"tags":[{"id":0,"name":"string"}],"status":"available"},{"id":17751411,"category":{"id":95379400,"name":"esse iru"},"name":"doggie","photoUrls":["in cupidatat nulla","est laborum ut"],"tags":[{"id":57974765,"name":"incididunt ea sit"},{"id":-82122710,"name":"dolor sint in ea"}],"status":"available"},{"id":9223372036854773375,"category":{"id":0,"name":"string"},"name":"fish","photoUrls":["string"],"tags":[{"id":0,"name":"string"}],"status":"available"},{"id":9223372036854773377,"category":{"id":0,"name":"string"},"name":"doggie","photoUrls":["string"],"tags":[{"id":0,"name":"string"}],"status":"available"},{"id":9223372036854773379,"category":{"id":0,"name":"Вава"},"name":"doggie","photoUrls":["string"],"tags":[{"id":0,"name":"string"}],"status":"available"},{"id":1,"category":{"id":1,"name":"string"},"name":"doggie","photoUrls":["string"],"tags":[{"id":1,"name":"string"}],"status":"available"},{"id":9223372036854773382,"category":{"id":0,"name":"Вава"},"name":"doggie","photoUrls":["string"],"tags":[{"id":0,"name":"string"}],"status":"available"}]
classpath:examples/users/pets.feature:19
js failed:
>>>>
01: https://petstore.swagger.io/v2/pet/1
<<<<
org.graalvm.polyglot.PolyglotException: SyntaxError: Unnamed:1:36 Expected ; but found eof
https://petstore.swagger.io/v2/pet/1
                                    ^

- org.graalvm.polyglot.Context.eval(Context.java:425)
- com.intuit.karate.graal.JsEngine.evalForValue(JsEngine.java:139)
- com.intuit.karate.graal.JsEngine.eval(JsEngine.java:135)
- com.intuit.karate.core.ScenarioEngine.evalJs(ScenarioEngine.java:1190)
- com.intuit.karate.core.ScenarioEngine.evalKarateExpression(ScenarioEngine.java:2143)
- com.intuit.karate.core.ScenarioEngine.evalKarateExpression(ScenarioEngine.java:2062)
- com.intuit.karate.core.ScenarioEngine.url(ScenarioEngine.java:371)

classpath:examples/users/pets.feature:22 ==> expected: <0> but was: <2>
	at examples.ExamplesTest.testParallel(ExamplesTest.java:15)

