<?xml version="1.0" encoding="UTF-8"?>
<testsuite xmlns:xsi="http://www.w3.org/2001/XMLSchema-instance" xsi:noNamespaceSchemaLocation="https://maven.apache.org/surefire/maven-surefire-plugin/xsd/surefire-test-report.xsd" name="examples.ExamplesTest" time="10.967" tests="1" errors="0" skipped="0" failures="1">
  <properties>
[...]
</properties>
  <testcase name="testParallel" classname="examples.ExamplesTest" time="10.955">
    <failure message="status code was: 200, expected: 400, response time in milliseconds: 1762, url: https://petstore.swagger.io/v2/pet/findByStatus?status=available, response: &#10;[{&quot;id&quot;:9223372036854772447,&quot;category&quot;:{&quot;id&quot;:1,&quot;name&quot;:&quot;123&quot;},&quot;name&quot;:&quot;Bobik&quot;,&quot;photoUrls&quot;:[&quot;string&quot;],&quot;tags&quot;:[{&quot;id&quot;:1,&quot;name&quot;:&quot;234&quot;},{&quot;id&quot;:1,&quot;name&quot;:&quot;456&quot;}],&quot;status&quot;:&quot;available&quot;},{&quot;id&quot;:9223372036854772449,&quot;category&quot;:{&quot;id&quot;:0,&quot;name&quot;:&quot;string&quot;},&quot;name&quot;:&quot;doggie&quot;,&quot;photoUrls&quot;:[&quot;string&quot;],&quot;tags&quot;:[{&quot;id&quot;:0,&quot;name&quot;:&quot;string&quot;}],&quot;status&quot;:&quot;available&quot;},{&quot;id&quot;:9223372036854772455,&quot;category&quot;:{&quot;id&quot;:0,&quot;name&quot;:&quot;string&quot;},&quot;name&quot;:&quot;fish&quot;,&quot;photoUrls&quot;:[&quot;string&quot;],&quot;tags&quot;:[{&quot;id&quot;:0,&quot;name&quot;:&quot;string&quot;}],&quot;status&quot;:&quot;available&quot;},{&quot;id&quot;:9223372036854772456,&quot;category&quot;:{&quot;id&quot;:0,&quot;name&quot;:&quot;string&quot;},&quot;name&quot;:&quot;fish&quot;,&quot;photoUrls&quot;:[&quot;string&quot;],&quot;tags&quot;:[{&quot;id&quot;:0,&quot;name&quot;:&quot;string&quot;}],&quot;status&quot;:&quot;available&quot;},{&quot;id&quot;:9223372036854772461,&quot;category&quot;:{&quot;id&quot;:0,&quot;name&quot;:&quot;string&quot;},&quot;name&quot;:&quot;doggie&quot;,&quot;photoUrls&quot;:[&quot;string&quot;],&quot;tags&quot;:[{&quot;id&quot;:0,&quot;name&quot;:&quot;string&quot;}],&quot;status&quot;:&quot;available&quot;},{&quot;id&quot;:9223372036854772464,&quot;category&quot;:{&quot;id&quot;:1,&quot;name&quot;:&quot;123&quot;},&quot;name&quot;:&quot;Bobik&quot;,&quot;photoUrls&quot;:[&quot;string&quot;],&quot;tags&quot;:[{&quot;id&quot;:1,&quot;name&quot;:&quot;234&quot;},{&quot;id&quot;:1,&quot;name&quot;:&quot;456&quot;}],&quot;status&quot;:&quot;available&quot;},{&quot;id&quot;:9223372036854772466,&quot;category&quot;:{&quot;id&quot;:0,&quot;name&quot;:&quot;string&quot;},&quot;name&quot;:&quot;fish&quot;,&quot;photoUrls&quot;:[&quot;string&quot;],&quot;tags&quot;:[{&quot;id&quot;:0,&quot;name&quot;:&quot;string&quot;}],&quot;status&quot;:&quot;available&quot;},{&quot;id&quot;:9223372036854772467,&quot;category&quot;:{&quot;id&quot;:0,&quot;name&quot;:&quot;string&quot;},&quot;name&quot;:&quot;fish&quot;,&quot;photoUrls&quot;:[&quot;string&quot;],&quot;tags&quot;:[{&quot;id&quot;:0,&quot;name&quot;:&quot;string&quot;}],&quot;status&quot;:&quot;available&quot;},{&quot;id&quot;:222,&quot;name&quot;:&quot;tex&quot;,&quot;photoUrls&quot;:[],&quot;tags&quot;:[{&quot;id&quot;:21,&quot;name&quot;:&quot;tex&quot;}],&quot;status&quot;:&quot;available&quot;},{&quot;id&quot;:9223372036854772472,&quot;category&quot;:{&quot;id&quot;:-40550398,&quot;name&quot;:&quot;fish&quot;},&quot;name&quot;:&quot;nemo&quot;,&quot;photoUrls&quot;:[&quot;ut incididunt Duis Ut quis&quot;,&quot;esse dolor aute&quot;],&quot;tags&quot;:[{&quot;id&quot;:87374033,&quot;name&quot;:&quot;laborum anim commodo&quot;},{&quot;id&quot;:20541211,&quot;name&quot;:&quot;enim deserunt&quot;}],&quot;status&quot;:&quot;available&quot;},{&quot;id&quot;:9223372036854772475,&quot;name&quot;:&quot;Jimmy&quot;,&quot;photoUrls&quot;:[&quot;string&quot;],&quot;tags&quot;:[],&quot;status&quot;:&quot;available&quot;},{&quot;id&quot;:49087884,&quot;category&quot;:{&quot;id&quot;:-50629969,&quot;name&quot;:&quot;Excepteur elit&quot;},&quot;name&quot;:&quot;doggie&quot;,&quot;photoUrls&quot;:[&quot;sed velit&quot;,&quot;ullamco dolore minim voluptate&quot;],&quot;tags&quot;:[{&quot;id&quot;:-56971972,&quot;name&quot;:&quot;ipsum id mollit&quot;},{&quot;id&quot;:-27456905,&quot;name&quot;:&quot;aliquip velit amet ex&quot;}],&quot;status&quot;:&quot;available&quot;},{&quot;id&quot;:9223372036854772487,&quot;category&quot;:{&quot;id&quot;:0,&quot;name&quot;:&quot;string&quot;},&quot;name&quot;:&quot;fish&quot;,&quot;photoUrls&quot;:[&quot;string&quot;],&quot;tags&quot;:[{&quot;id&quot;:0,&quot;name&quot;:&quot;string&quot;}],&quot;status&quot;:&quot;available&quot;},{&quot;id&quot;:9223372036854772488,&quot;category&quot;:{&quot;id&quot;:0,&quot;name&quot;:&quot;string&quot;},&quot;name&quot;:&quot;fish&quot;,&quot;photoUrls&quot;:[&quot;string&quot;],&quot;tags&quot;:[{&quot;id&quot;:0,&quot;name&quot;:&quot;string&quot;}],&quot;status&quot;:&quot;available&quot;},{&quot;id&quot;:9223372036854772489,&quot;category&quot;:{&quot;id&quot;:0,&quot;name&quot;:&quot;string&quot;},&quot;name&quot;:&quot;fish&quot;,&quot;photoUrls&quot;:[&quot;string&quot;],&quot;tags&quot;:[{&quot;id&quot;:0,&quot;name&quot;:&quot;string&quot;}],&quot;status&quot;:&quot;available&quot;},{&quot;id&quot;:9223372036854772490,&quot;category&quot;:{&quot;id&quot;:0,&quot;name&quot;:&quot;string&quot;},&quot;name&quot;:&quot;fish&quot;,&quot;photoUrls&quot;:[&quot;string&quot;],&quot;tags&quot;:[{&quot;id&quot;:0,&quot;name&quot;:&quot;string&quot;}],&quot;status&quot;:&quot;available&quot;},{&quot;id&quot;:9223372036854772491,&quot;category&quot;:{&quot;id&quot;:0,&quot;name&quot;:&quot;string&quot;},&quot;name&quot;:&quot;doggie&quot;,&quot;photoUrls&quot;:[&quot;string&quot;],&quot;tags&quot;:[{&quot;id&quot;:0,&quot;name&quot;:&quot;string&quot;}],&quot;status&quot;:&quot;available&quot;},{&quot;id&quot;:9223372036854772494,&quot;category&quot;:{&quot;id&quot;:1,&quot;name&quot;:&quot;Cat&quot;},&quot;name&quot;:&quot;Bruno&quot;,&quot;photoUrls&quot;:[&quot;https://upload.wikimedia.org/wikipedia/commons/0/0e/Felis_silvestris_silvestris.jpg&quot;],&quot;tags&quot;:[{&quot;id&quot;:1,&quot;name&quot;:&quot;Felis silvestris&quot;}],&quot;status&quot;:&quot;available&quot;},{&quot;id&quot;:9223372036854772509,&quot;category&quot;:{&quot;id&quot;:0,&quot;name&quot;:&quot;string&quot;},&quot;name&quot;:&quot;doggie&quot;,&quot;photoUrls&quot;:[&quot;string&quot;],&quot;tags&quot;:[{&quot;id&quot;:0,&quot;name&quot;:&quot;string&quot;}],&quot;status&quot;:&quot;available&quot;},{&quot;id&quot;:9223372036854772516,&quot;category&quot;:{&quot;id&quot;:0,&quot;name&quot;:&quot;string&quot;},&quot;name&quot;:&quot;doggie&quot;,&quot;photoUrls&quot;:[&quot;string&quot;],&quot;tags&quot;:[{&quot;id&quot;:0,&quot;name&quot;:&quot;string&quot;}],&quot;status&quot;:&quot;available&quot;},{&quot;id&quot;:9223372036854772524,&quot;category&quot;:{&quot;id&quot;:0,&quot;name&quot;:&quot;string&quot;},&quot;name&quot;:&quot;Blue&quot;,&quot;photoUrls&quot;:[&quot;string&quot;],&quot;tags&quot;:[{&quot;id&quot;:0,&quot;name&quot;:&quot;string&quot;}],&quot;status&quot;:&quot;available&quot;},{&quot;id&quot;:9223372036854772535,&quot;category&quot;:{&quot;id&quot;:1,&quot;name&quot;:&quot;123&quot;},&quot;name&quot;:&quot;Bobik&quot;,&quot;photoUrls&quot;:[&quot;string&quot;],&quot;tags&quot;:[{&quot;id&quot;:1,&quot;name&quot;:&quot;234&quot;},{&quot;id&quot;:1,&quot;name&quot;:&quot;456&quot;}],&quot;status&quot;:&quot;available&quot;},{&quot;id&quot;:9223372036854772547,&quot;category&quot;:{&quot;id&quot;:0,&quot;name&quot;:&quot;string&quot;},&quot;name&quot;:&quot;fish&quot;,&quot;photoUrls&quot;:[&quot;string&quot;],&quot;tags&quot;:[{&quot;id&quot;:0,&quot;name&quot;:&quot;string&quot;}],&quot;status&quot;:&quot;available&quot;},{&quot;id&quot;:9223372036854772548,&quot;category&quot;:{&quot;id&quot;:0,&quot;name&quot;:&quot;string&quot;},&quot;name&quot;:&quot;fish&quot;,&quot;photoUrls&quot;:[&quot;string&quot;],&quot;tags&quot;:[{&quot;id&quot;:0,&quot;name&quot;:&quot;string&quot;}],&quot;status&quot;:&quot;available&quot;},{&quot;id&quot;:9223372036854772552,&quot;category&quot;:{&quot;id&quot;:0,&quot;name&quot;:&quot;string&quot;},&quot;name&quot;:&quot;doggie&quot;,&quot;photoUrls&quot;:[&quot;string&quot;],&quot;tags&quot;:[{&quot;id&quot;:0,&quot;name&quot;:&quot;string&quot;}],&quot;status&quot;:&quot;available&quot;},{&quot;id&quot;:9223372036854772553,&quot;category&quot;:{&quot;id&quot;:0,&quot;name&quot;:&quot;string&quot;},&quot;name&quot;:&quot;fish&quot;,&quot;photoUrls&quot;:[&quot;string&quot;],&quot;tags&quot;:[{&quot;id&quot;:0,&quot;name&quot;:&quot;string&quot;}],&quot;status&quot;:&quot;available&quot;},{&quot;id&quot;:23456789,&quot;category&quot;:{&quot;id&quot;:0,&quot;name&quot;:&quot;string&quot;},&quot;name&quot;:&quot;doggie&quot;,&quot;photoUrls&quot;:[&quot;string&quot;],&quot;tags&quot;:[{&quot;id&quot;:0,&quot;name&quot;:&quot;string&quot;}],&quot;status&quot;:&quot;available&quot;},{&quot;id&quot;:9223372036854772560,&quot;category&quot;:{&quot;id&quot;:0,&quot;name&quot;:&quot;string&quot;},&quot;name&quot;:&quot;fish&quot;,&quot;photoUrls&quot;:[&quot;string&quot;],&quot;tags&quot;:[{&quot;id&quot;:0,&quot;name&quot;:&quot;string&quot;}],&quot;status&quot;:&quot;available&quot;},{&quot;id&quot;:9223372036854772567,&quot;category&quot;:{&quot;id&quot;:0,&quot;name&quot;:&quot;string&quot;},&quot;name&quot;:&quot;doggie&quot;,&quot;photoUrls&quot;:[&quot;string&quot;],&quot;tags&quot;:[{&quot;id&quot;:0,&quot;name&quot;:&quot;string&quot;}],&quot;status&quot;:&quot;available&quot;},{&quot;id&quot;:9223372036854772568,&quot;name&quot;:&quot;doggie&quot;,&quot;photoUrls&quot;:[],&quot;tags&quot;:[],&quot;status&quot;:&quot;available&quot;},{&quot;id&quot;:9223372036854772569,&quot;name&quot;:&quot;doggie&quot;,&quot;photoUrls&quot;:[],&quot;tags&quot;:[],&quot;status&quot;:&quot;available&quot;},{&quot;id&quot;:9223372036854772571,&quot;name&quot;:&quot;doggie&quot;,&quot;photoUrls&quot;:[],&quot;tags&quot;:[],&quot;status&quot;:&quot;available&quot;},{&quot;id&quot;:9223372036854772574,&quot;name&quot;:&quot;petname&quot;,&quot;photoUrls&quot;:[],&quot;tags&quot;:[],&quot;status&quot;:&quot;available&quot;},{&quot;id&quot;:9223372036854772577,&quot;name&quot;:&quot;doggie&quot;,&quot;photoUrls&quot;:[],&quot;tags&quot;:[],&quot;status&quot;:&quot;available&quot;},{&quot;id&quot;:9223372036854772578,&quot;name&quot;:&quot;doggie3&quot;,&quot;photoUrls&quot;:[],&quot;tags&quot;:[],&quot;status&quot;:&quot;available&quot;},{&quot;id&quot;:9223372036854772579,&quot;name&quot;:&quot;doggie&quot;,&quot;photoUrls&quot;:[],&quot;tags&quot;:[],&quot;status&quot;:&quot;available&quot;},{&quot;id&quot;:9223372036854772580,&quot;name&quot;:&quot;doggie2&quot;,&quot;photoUrls&quot;:[],&quot;tags&quot;:[],&quot;status&quot;:&quot;available&quot;},{&quot;id&quot;:9223372036854772581,&quot;name&quot;:&quot;doggie3&quot;,&quot;photoUrls&quot;:[],&quot;tags&quot;:[],&quot;status&quot;:&quot;available&quot;},{&quot;id&quot;:9223372036854772582,&quot;name&quot;:&quot;doggie&quot;,&quot;photoUrls&quot;:[],&quot;tags&quot;:[],&quot;status&quot;:&quot;available&quot;},{&quot;id&quot;:9223372036854772583,&quot;name&quot;:&quot;doggie&quot;,&quot;photoUrls&quot;:[],&quot;tags&quot;:[],&quot;status&quot;:&quot;available&quot;},{&quot;id&quot;:9223372036854772584,&quot;name&quot;:&quot;doggie&quot;,&quot;photoUrls&quot;:[],&quot;tags&quot;:[],&quot;status&quot;:&quot;available&quot;},{&quot;id&quot;:9223372036854772585,&quot;name&quot;:&quot;doggie2&quot;,&quot;photoUrls&quot;:[],&quot;tags&quot;:[],&quot;status&quot;:&quot;available&quot;},{&quot;id&quot;:9223372036854772586,&quot;name&quot;:&quot;doggie3&quot;,&quot;photoUrls&quot;:[],&quot;tags&quot;:[],&quot;status&quot;:&quot;available&quot;},{&quot;id&quot;:9223372036854772587,&quot;name&quot;:&quot;doggie&quot;,&quot;photoUrls&quot;:[],&quot;tags&quot;:[],&quot;status&quot;:&quot;available&quot;},{&quot;id&quot;:9223372036854772588,&quot;name&quot;:&quot;doggie2&quot;,&quot;photoUrls&quot;:[],&quot;tags&quot;:[],&quot;status&quot;:&quot;available&quot;},{&quot;id&quot;:9223372036854772589,&quot;name&quot;:&quot;doggie3&quot;,&quot;photoUrls&quot;:[],&quot;tags&quot;:[],&quot;status&quot;:&quot;available&quot;},{&quot;id&quot;:9223372036854772590,&quot;name&quot;:&quot;doggie&quot;,&quot;photoUrls&quot;:[],&quot;tags&quot;:[],&quot;status&quot;:&quot;available&quot;},{&quot;id&quot;:9223372036854772591,&quot;name&quot;:&quot;doggie2&quot;,&quot;photoUrls&quot;:[],&quot;tags&quot;:[],&quot;status&quot;:&quot;available&quot;},{&quot;id&quot;:9223372036854772592,&quot;name&quot;:&quot;doggie3&quot;,&quot;photoUrls&quot;:[],&quot;tags&quot;:[],&quot;status&quot;:&quot;available&quot;},{&quot;id&quot;:9223372036854772594,&quot;name&quot;:&quot;doggie&quot;,&quot;photoUrls&quot;:[],&quot;tags&quot;:[],&quot;status&quot;:&quot;available&quot;},{&quot;id&quot;:9223372036854772596,&quot;name&quot;:&quot;doggie2&quot;,&quot;photoUrls&quot;:[],&quot;tags&quot;:[],&quot;status&quot;:&quot;available&quot;},{&quot;id&quot;:9223372036854772597,&quot;name&quot;:&quot;doggie3&quot;,&quot;photoUrls&quot;:[],&quot;tags&quot;:[],&quot;status&quot;:&quot;available&quot;},{&quot;id&quot;:9223372036854772598,&quot;name&quot;:&quot;doggie&quot;,&quot;photoUrls&quot;:[],&quot;tags&quot;:[],&quot;status&quot;:&quot;available&quot;},{&quot;id&quot;:9223372036854772599,&quot;name&quot;:&quot;doggie2&quot;,&quot;photoUrls&quot;:[],&quot;tags&quot;:[],&quot;status&quot;:&quot;available&quot;},{&quot;id&quot;:9223372036854772600,&quot;name&quot;:&quot;doggie3&quot;,&quot;photoUrls&quot;:[],&quot;tags&quot;:[],&quot;status&quot;:&quot;available&quot;},{&quot;id&quot;:9223372036854772601,&quot;name&quot;:&quot;doggie&quot;,&quot;photoUrls&quot;:[],&quot;tags&quot;:[],&quot;status&quot;:&quot;available&quot;},{&quot;id&quot;:9223372036854772602,&quot;name&quot;:&quot;doggie&quot;,&quot;photoUrls&quot;:[],&quot;tags&quot;:[],&quot;status&quot;:&quot;available&quot;},{&quot;id&quot;:9223372036854772603,&quot;name&quot;:&quot;doggie2&quot;,&quot;photoUrls&quot;:[],&quot;tags&quot;:[],&quot;status&quot;:&quot;available&quot;},{&quot;id&quot;:9223372036854772604,&quot;name&quot;:&quot;doggie3&quot;,&quot;photoUrls&quot;:[],&quot;tags&quot;:[],&quot;status&quot;:&quot;available&quot;},{&quot;id&quot;:9223372036854772605,&quot;name&quot;:&quot;doggie&quot;,&quot;photoUrls&quot;:[],&quot;tags&quot;:[],&quot;status&quot;:&quot;available&quot;},{&quot;id&quot;:9223372036854772606,&quot;name&quot;:&quot;doggie&quot;,&quot;photoUrls&quot;:[],&quot;tags&quot;:[],&quot;status&quot;:&quot;available&quot;},{&quot;id&quot;:9223372036854772607,&quot;name&quot;:&quot;doggie&quot;,&quot;photoUrls&quot;:[],&quot;tags&quot;:[],&quot;status&quot;:&quot;available&quot;},{&quot;id&quot;:9223372036854772618,&quot;name&quot;:&quot;doggie4&quot;,&quot;photoUrls&quot;:[],&quot;tags&quot;:[],&quot;status&quot;:&quot;available&quot;},{&quot;id&quot;:9223372036854772619,&quot;name&quot;:&quot;doggie3&quot;,&quot;photoUrls&quot;:[],&quot;tags&quot;:[],&quot;status&quot;:&quot;available&quot;},{&quot;id&quot;:9223372036854772620,&quot;name&quot;:&quot;doggie2&quot;,&quot;photoUrls&quot;:[],&quot;tags&quot;:[],&quot;status&quot;:&quot;available&quot;},{&quot;id&quot;:9223372036854772621,&quot;name&quot;:&quot;doggie1&quot;,&quot;photoUrls&quot;:[],&quot;tags&quot;:[],&quot;status&quot;:&quot;available&quot;},{&quot;id&quot;:9223372036854772622,&quot;name&quot;:&quot;doggie0&quot;,&quot;photoUrls&quot;:[],&quot;tags&quot;:[],&quot;status&quot;:&quot;available&quot;},{&quot;id&quot;:9223372036854772629,&quot;category&quot;:{&quot;id&quot;:0,&quot;name&quot;:&quot;string&quot;},&quot;name&quot;:&quot;doggie&quot;,&quot;photoUrls&quot;:[&quot;string&quot;],&quot;tags&quot;:[{&quot;id&quot;:0,&quot;name&quot;:&quot;string&quot;}],&quot;status&quot;:&quot;available&quot;},{&quot;id&quot;:9223372036854772630,&quot;name&quot;:&quot;doggie&quot;,&quot;photoUrls&quot;:[],&quot;tags&quot;:[],&quot;status&quot;:&quot;available&quot;},{&quot;id&quot;:9223372036854772631,&quot;name&quot;:&quot;doggie&quot;,&quot;photoUrls&quot;:[],&quot;tags&quot;:[],&quot;status&quot;:&quot;available&quot;},{&quot;id&quot;:9223372036854772633,&quot;name&quot;:&quot;doggie&quot;,&quot;photoUrls&quot;:[],&quot;tags&quot;:[],&quot;status&quot;:&quot;available&quot;},{&quot;id&quot;:9223372036854772636,&quot;name&quot;:&quot;petname&quot;,&quot;photoUrls&quot;:[],&quot;tags&quot;:[],&quot;status&quot;:&quot;available&quot;},{&quot;id&quot;:9223372036854772639,&quot;name&quot;:&quot;doggie&quot;,&quot;photoUrls&quot;:[],&quot;tags&quot;:[],&quot;status&quot;:&quot;available&quot;},{&quot;id&quot;:9223372036854772640,&quot;name&quot;:&quot;doggie3&quot;,&quot;photoUrls&quot;:[],&quot;tags&quot;:[],&quot;status&quot;:&quot;available&quot;},{&quot;id&quot;:9223372036854772641,&quot;name&quot;:&quot;doggie&quot;,&quot;photoUrls&quot;:[],&quot;tags&quot;:[],&quot;status&quot;:&quot;available&quot;},{&quot;id&quot;:9223372036854772642,&quot;name&quot;:&quot;doggie2&quot;,&quot;photoUrls&quot;:[],&quot;tags&quot;:[],&quot;status&quot;:&quot;available&quot;},{&quot;id&quot;:9223372036854772643,&quot;name&quot;:&quot;doggie3&quot;,&quot;photoUrls&quot;:[],&quot;tags&quot;:[],&quot;status&quot;:&quot;available&quot;},{&quot;id&quot;:9223372036854772644,&quot;name&quot;:&quot;doggie&quot;,&quot;photoUrls&quot;:[],&quot;tags&quot;:[],&quot;status&quot;:&quot;available&quot;},{&quot;id&quot;:9223372036854772645,&quot;name&quot;:&quot;doggie&quot;,&quot;photoUrls&quot;:[],&quot;tags&quot;:[],&quot;status&quot;:&quot;available&quot;},{&quot;id&quot;:9223372036854772646,&quot;name&quot;:&quot;doggie&quot;,&quot;photoUrls&quot;:[],&quot;tags&quot;:[],&quot;status&quot;:&quot;available&quot;},{&quot;id&quot;:9223372036854772647,&quot;name&quot;:&quot;doggie2&quot;,&quot;photoUrls&quot;:[],&quot;tags&quot;:[],&quot;status&quot;:&quot;available&quot;},{&quot;id&quot;:9223372036854772648,&quot;name&quot;:&quot;doggie3&quot;,&quot;photoUrls&quot;:[],&quot;tags&quot;:[],&quot;status&quot;:&quot;available&quot;},{&quot;id&quot;:9223372036854772649,&quot;name&quot;:&quot;doggie&quot;,&quot;photoUrls&quot;:[],&quot;tags&quot;:[],&quot;status&quot;:&quot;available&quot;},{&quot;id&quot;:9223372036854772650,&quot;name&quot;:&quot;doggie2&quot;,&quot;photoUrls&quot;:[],&quot;tags&quot;:[],&quot;status&quot;:&quot;available&quot;},{&quot;id&quot;:9223372036854772651,&quot;name&quot;:&quot;doggie3&quot;,&quot;photoUrls&quot;:[],&quot;tags&quot;:[],&quot;status&quot;:&quot;available&quot;},{&quot;id&quot;:9223372036854772652,&quot;name&quot;:&quot;doggie&quot;,&quot;photoUrls&quot;:[],&quot;tags&quot;:[],&quot;status&quot;:&quot;available&quot;},{&quot;id&quot;:9223372036854772653,&quot;name&quot;:&quot;doggie2&quot;,&quot;photoUrls&quot;:[],&quot;tags&quot;:[],&quot;status&quot;:&quot;available&quot;},{&quot;id&quot;:9223372036854772654,&quot;name&quot;:&quot;doggie3&quot;,&quot;photoUrls&quot;:[],&quot;tags&quot;:[],&quot;status&quot;:&quot;available&quot;},{&quot;id&quot;:9223372036854772655,&quot;name&quot;:&quot;doggie&quot;,&quot;photoUrls&quot;:[],&quot;tags&quot;:[],&quot;status&quot;:&quot;available&quot;},{&quot;id&quot;:9223372036854772656,&quot;name&quot;:&quot;doggie2&quot;,&quot;photoUrls&quot;:[],&quot;tags&quot;:[],&quot;status&quot;:&quot;available&quot;},{&quot;id&quot;:9223372036854772657,&quot;name&quot;:&quot;doggie3&quot;,&quot;photoUrls&quot;:[],&quot;tags&quot;:[],&quot;status&quot;:&quot;available&quot;},{&quot;id&quot;:9223372036854772658,&quot;name&quot;:&quot;doggie&quot;,&quot;photoUrls&quot;:[],&quot;tags&quot;:[],&quot;status&quot;:&quot;available&quot;},{&quot;id&quot;:9223372036854772659,&quot;name&quot;:&quot;doggie&quot;,&quot;photoUrls&quot;:[],&quot;tags&quot;:[],&quot;status&quot;:&quot;available&quot;},{&quot;id&quot;:9223372036854772660,&quot;name&quot;:&quot;doggie&quot;,&quot;photoUrls&quot;:[],&quot;tags&quot;:[],&quot;status&quot;:&quot;available&quot;},{&quot;id&quot;:9223372036854772661,&quot;name&quot;:&quot;doggie2&quot;,&quot;photoUrls&quot;:[],&quot;tags&quot;:[],&quot;status&quot;:&quot;available&quot;},{&quot;id&quot;:9223372036854772663,&quot;name&quot;:&quot;doggie3&quot;,&quot;photoUrls&quot;:[],&quot;tags&quot;:[],&quot;status&quot;:&quot;available&quot;},{&quot;id&quot;:9223372036854772664,&quot;name&quot;:&quot;doggie&quot;,&quot;photoUrls&quot;:[],&quot;tags&quot;:[],&quot;status&quot;:&quot;available&quot;},{&quot;id&quot;:9223372036854772665,&quot;name&quot;:&quot;doggie&quot;,&quot;photoUrls&quot;:[],&quot;tags&quot;:[],&quot;status&quot;:&quot;available&quot;},{&quot;id&quot;:9223372036854772666,&quot;name&quot;:&quot;doggie&quot;,&quot;photoUrls&quot;:[],&quot;tags&quot;:[],&quot;status&quot;:&quot;available&quot;},{&quot;id&quot;:9223372036854772667,&quot;name&quot;:&quot;doggie2&quot;,&quot;photoUrls&quot;:[],&quot;tags&quot;:[],&quot;status&quot;:&quot;available&quot;},{&quot;id&quot;:9223372036854772670,&quot;name&quot;:&quot;petname&quot;,&quot;photoUrls&quot;:[],&quot;tags&quot;:[],&quot;status&quot;:&quot;available&quot;},{&quot;id&quot;:9223372036854772671,&quot;name&quot;:&quot;doggie3&quot;,&quot;photoUrls&quot;:[],&quot;tags&quot;:[],&quot;status&quot;:&quot;available&quot;},{&quot;id&quot;:9223372036854772674,&quot;name&quot;:&quot;doggie&quot;,&quot;photoUrls&quot;:[],&quot;tags&quot;:[],&quot;status&quot;:&quot;available&quot;},{&quot;id&quot;:9223372036854772675,&quot;name&quot;:&quot;doggie&quot;,&quot;photoUrls&quot;:[],&quot;tags&quot;:[],&quot;status&quot;:&quot;available&quot;},{&quot;id&quot;:9223372036854772676,&quot;name&quot;:&quot;doggie&quot;,&quot;photoUrls&quot;:[],&quot;tags&quot;:[],&quot;status&quot;:&quot;available&quot;},{&quot;id&quot;:9223372036854772677,&quot;name&quot;:&quot;doggie3&quot;,&quot;photoUrls&quot;:[],&quot;tags&quot;:[],&quot;status&quot;:&quot;available&quot;},{&quot;id&quot;:9223372036854772678,&quot;name&quot;:&quot;doggie&quot;,&quot;photoUrls&quot;:[],&quot;tags&quot;:[],&quot;status&quot;:&quot;available&quot;},{&quot;id&quot;:9223372036854772679,&quot;name&quot;:&quot;doggie&quot;,&quot;photoUrls&quot;:[],&quot;tags&quot;:[],&quot;status&quot;:&quot;available&quot;},{&quot;id&quot;:9223372036854772680,&quot;category&quot;:{&quot;id&quot;:1,&quot;name&quot;:&quot;123&quot;},&quot;name&quot;:&quot;Bobik&quot;,&quot;photoUrls&quot;:[&quot;string&quot;],&quot;tags&quot;:[{&quot;id&quot;:1,&quot;name&quot;:&quot;234&quot;},{&quot;id&quot;:1,&quot;name&quot;:&quot;456&quot;}],&quot;status&quot;:&quot;available&quot;},{&quot;id&quot;:9223372036854772683,&quot;name&quot;:&quot;doggie2&quot;,&quot;photoUrls&quot;:[],&quot;tags&quot;:[],&quot;status&quot;:&quot;available&quot;},{&quot;id&quot;:9223372036854772687,&quot;name&quot;:&quot;doggie3&quot;,&quot;photoUrls&quot;:[],&quot;tags&quot;:[],&quot;status&quot;:&quot;available&quot;},{&quot;id&quot;:9223372036854772689,&quot;name&quot;:&quot;doggie&quot;,&quot;photoUrls&quot;:[],&quot;tags&quot;:[],&quot;status&quot;:&quot;available&quot;},{&quot;id&quot;:9223372036854772695,&quot;name&quot;:&quot;doggie&quot;,&quot;photoUrls&quot;:[],&quot;tags&quot;:[],&quot;status&quot;:&quot;available&quot;},{&quot;id&quot;:9223372036854772696,&quot;name&quot;:&quot;doggie&quot;,&quot;photoUrls&quot;:[],&quot;tags&quot;:[],&quot;status&quot;:&quot;available&quot;},{&quot;id&quot;:9223372036854772697,&quot;name&quot;:&quot;doggie2&quot;,&quot;photoUrls&quot;:[],&quot;tags&quot;:[],&quot;status&quot;:&quot;available&quot;},{&quot;id&quot;:9223372036854772698,&quot;name&quot;:&quot;doggie1&quot;,&quot;photoUrls&quot;:[],&quot;tags&quot;:[],&quot;status&quot;:&quot;available&quot;},{&quot;id&quot;:9223372036854772699,&quot;name&quot;:&quot;doggie3&quot;,&quot;photoUrls&quot;:[],&quot;tags&quot;:[],&quot;status&quot;:&quot;available&quot;},{&quot;id&quot;:9223372036854772700,&quot;name&quot;:&quot;doggie0&quot;,&quot;photoUrls&quot;:[],&quot;tags&quot;:[],&quot;status&quot;:&quot;available&quot;},{&quot;id&quot;:9223372036854772701,&quot;name&quot;:&quot;doggie4&quot;,&quot;photoUrls&quot;:[],&quot;tags&quot;:[],&quot;status&quot;:&quot;available&quot;},{&quot;id&quot;:9223372036854772702,&quot;name&quot;:&quot;doggie2&quot;,&quot;photoUrls&quot;:[],&quot;tags&quot;:[],&quot;status&quot;:&quot;available&quot;},{&quot;id&quot;:9223372036854772703,&quot;name&quot;:&quot;doggie3&quot;,&quot;photoUrls&quot;:[],&quot;tags&quot;:[],&quot;status&quot;:&quot;available&quot;},{&quot;id&quot;:9223372036854772704,&quot;name&quot;:&quot;doggie&quot;,&quot;photoUrls&quot;:[],&quot;tags&quot;:[],&quot;status&quot;:&quot;available&quot;},{&quot;id&quot;:9223372036854772706,&quot;name&quot;:&quot;doggie2&quot;,&quot;photoUrls&quot;:[],&quot;tags&quot;:[],&quot;status&quot;:&quot;available&quot;},{&quot;id&quot;:9223372036854772707,&quot;name&quot;:&quot;doggie3&quot;,&quot;photoUrls&quot;:[],&quot;tags&quot;:[],&quot;status&quot;:&quot;available&quot;},{&quot;id&quot;:9223372036854772709,&quot;name&quot;:&quot;doggie&quot;,&quot;photoUrls&quot;:[],&quot;tags&quot;:[],&quot;status&quot;:&quot;available&quot;},{&quot;id&quot;:9223372036854772710,&quot;name&quot;:&quot;doggie2&quot;,&quot;photoUrls&quot;:[],&quot;tags&quot;:[],&quot;status&quot;:&quot;available&quot;},{&quot;id&quot;:9223372036854772711,&quot;name&quot;:&quot;doggie3&quot;,&quot;photoUrls&quot;:[],&quot;tags&quot;:[],&quot;status&quot;:&quot;available&quot;},{&quot;id&quot;:9223372036854772712,&quot;name&quot;:&quot;doggie&quot;,&quot;photoUrls&quot;:[],&quot;tags&quot;:[],&quot;status&quot;:&quot;available&quot;},{&quot;id&quot;:9223372036854772713,&quot;name&quot;:&quot;doggie2&quot;,&quot;photoUrls&quot;:[],&quot;tags&quot;:[],&quot;status&quot;:&quot;available&quot;},{&quot;id&quot;:9223372036854772714,&quot;name&quot;:&quot;doggie3&quot;,&quot;photoUrls&quot;:[],&quot;tags&quot;:[],&quot;status&quot;:&quot;available&quot;},{&quot;id&quot;:9223372036854772715,&quot;name&quot;:&quot;doggie&quot;,&quot;photoUrls&quot;:[],&quot;tags&quot;:[],&quot;status&quot;:&quot;available&quot;},{&quot;id&quot;:9223372036854772716,&quot;name&quot;:&quot;doggie2&quot;,&quot;photoUrls&quot;:[],&quot;tags&quot;:[],&quot;status&quot;:&quot;available&quot;},{&quot;id&quot;:9223372036854772717,&quot;name&quot;:&quot;doggie3&quot;,&quot;photoUrls&quot;:[],&quot;tags&quot;:[],&quot;status&quot;:&quot;available&quot;},{&quot;id&quot;:9223372036854772718,&quot;name&quot;:&quot;doggie&quot;,&quot;photoUrls&quot;:[],&quot;tags&quot;:[],&quot;status&quot;:&quot;available&quot;},{&quot;id&quot;:9223372036854772719,&quot;name&quot;:&quot;doggie&quot;,&quot;photoUrls&quot;:[],&quot;tags&quot;:[],&quot;status&quot;:&quot;available&quot;},{&quot;id&quot;:9223372036854772720,&quot;name&quot;:&quot;doggie2&quot;,&quot;photoUrls&quot;:[],&quot;tags&quot;:[],&quot;status&quot;:&quot;available&quot;},{&quot;id&quot;:9223372036854772721,&quot;name&quot;:&quot;doggie3&quot;,&quot;photoUrls&quot;:[],&quot;tags&quot;:[],&quot;status&quot;:&quot;available&quot;},{&quot;id&quot;:9223372036854772722,&quot;name&quot;:&quot;doggie&quot;,&quot;photoUrls&quot;:[],&quot;tags&quot;:[],&quot;status&quot;:&quot;available&quot;},{&quot;id&quot;:9223372036854772723,&quot;name&quot;:&quot;doggie&quot;,&quot;photoUrls&quot;:[],&quot;tags&quot;:[],&quot;status&quot;:&quot;available&quot;},{&quot;id&quot;:9223372036854772724,&quot;name&quot;:&quot;doggie&quot;,&quot;photoUrls&quot;:[],&quot;tags&quot;:[],&quot;status&quot;:&quot;available&quot;},{&quot;id&quot;:9223372036854772735,&quot;name&quot;:&quot;doggie1&quot;,&quot;photoUrls&quot;:[],&quot;tags&quot;:[],&quot;status&quot;:&quot;available&quot;},{&quot;id&quot;:9223372036854772736,&quot;name&quot;:&quot;doggie0&quot;,&quot;photoUrls&quot;:[],&quot;tags&quot;:[],&quot;status&quot;:&quot;available&quot;},{&quot;id&quot;:9223372036854772737,&quot;name&quot;:&quot;doggie3&quot;,&quot;photoUrls&quot;:[],&quot;tags&quot;:[],&quot;status&quot;:&quot;available&quot;},{&quot;id&quot;:9223372036854772738,&quot;name&quot;:&quot;doggie2&quot;,&quot;photoUrls&quot;:[],&quot;tags&quot;:[],&quot;status&quot;:&quot;available&quot;},{&quot;id&quot;:9223372036854772739,&quot;name&quot;:&quot;doggie4&quot;,&quot;photoUrls&quot;:[],&quot;tags&quot;:[],&quot;status&quot;:&quot;available&quot;},{&quot;id&quot;:9223372036854772744,&quot;category&quot;:{&quot;id&quot;:1,&quot;name&quot;:&quot;123&quot;},&quot;name&quot;:&quot;Bobik&quot;,&quot;photoUrls&quot;:[&quot;string&quot;],&quot;tags&quot;:[{&quot;id&quot;:1,&quot;name&quot;:&quot;234&quot;},{&quot;id&quot;:1,&quot;name&quot;:&quot;456&quot;}],&quot;status&quot;:&quot;available&quot;},{&quot;id&quot;:9223372036854772748,&quot;category&quot;:{&quot;id&quot;:1,&quot;name&quot;:&quot;123&quot;},&quot;name&quot;:&quot;Bobik&quot;,&quot;photoUrls&quot;:[&quot;string&quot;],&quot;tags&quot;:[{&quot;id&quot;:1,&quot;name&quot;:&quot;234&quot;},{&quot;id&quot;:1,&quot;name&quot;:&quot;456&quot;}],&quot;status&quot;:&quot;available&quot;},{&quot;id&quot;:9223372036854772751,&quot;category&quot;:{&quot;id&quot;:0,&quot;name&quot;:&quot;string&quot;},&quot;name&quot;:&quot;fish&quot;,&quot;photoUrls&quot;:[&quot;string&quot;],&quot;tags&quot;:[{&quot;id&quot;:0,&quot;name&quot;:&quot;string&quot;}],&quot;status&quot;:&quot;available&quot;},{&quot;id&quot;:9223372036854772752,&quot;category&quot;:{&quot;id&quot;:0,&quot;name&quot;:&quot;string&quot;},&quot;name&quot;:&quot;fish&quot;,&quot;photoUrls&quot;:[&quot;string&quot;],&quot;tags&quot;:[{&quot;id&quot;:0,&quot;name&quot;:&quot;string&quot;}],&quot;status&quot;:&quot;available&quot;},{&quot;id&quot;:9223372036854772753,&quot;category&quot;:{&quot;id&quot;:1,&quot;name&quot;:&quot;123&quot;},&quot;name&quot;:&quot;Bobik&quot;,&quot;photoUrls&quot;:[&quot;string&quot;],&quot;tags&quot;:[{&quot;id&quot;:1,&quot;name&quot;:&quot;234&quot;},{&quot;id&quot;:1,&quot;name&quot;:&quot;456&quot;}],&quot;status&quot;:&quot;available&quot;},{&quot;id&quot;:9223372036854772758,&quot;category&quot;:{&quot;id&quot;:1,&quot;name&quot;:&quot;123&quot;},&quot;name&quot;:&quot;Bobik&quot;,&quot;photoUrls&quot;:[&quot;string&quot;],&quot;tags&quot;:[{&quot;id&quot;:1,&quot;name&quot;:&quot;234&quot;},{&quot;id&quot;:1,&quot;name&quot;:&quot;456&quot;}],&quot;status&quot;:&quot;available&quot;},{&quot;id&quot;:112233,&quot;category&quot;:{&quot;id&quot;:30,&quot;name&quot;:&quot;Eq-dog&quot;},&quot;name&quot;:&quot;Postman&quot;,&quot;photoUrls&quot;:[&quot;URLLink&quot;],&quot;tags&quot;:[{&quot;id&quot;:10,&quot;name&quot;:&quot;Doberman&quot;}],&quot;status&quot;:&quot;available&quot;},{&quot;id&quot;:9223372036854772764,&quot;name&quot;:&quot;Jimmy&quot;,&quot;photoUrls&quot;:[&quot;string&quot;],&quot;tags&quot;:[],&quot;status&quot;:&quot;available&quot;},{&quot;id&quot;:9222968140491042131,&quot;category&quot;:{&quot;id&quot;:0,&quot;name&quot;:&quot;string&quot;},&quot;name&quot;:&quot;doggie&quot;,&quot;photoUrls&quot;:[&quot;string&quot;],&quot;tags&quot;:[{&quot;id&quot;:0,&quot;name&quot;:&quot;string&quot;}],&quot;status&quot;:&quot;available&quot;},{&quot;id&quot;:9223372036854772765,&quot;category&quot;:{&quot;id&quot;:0,&quot;name&quot;:&quot;string&quot;},&quot;name&quot;:&quot;fish&quot;,&quot;photoUrls&quot;:[&quot;string&quot;],&quot;tags&quot;:[{&quot;id&quot;:0,&quot;name&quot;:&quot;string&quot;}],&quot;status&quot;:&quot;available&quot;},{&quot;id&quot;:9223372036854772766,&quot;category&quot;:{&quot;id&quot;:0,&quot;name&quot;:&quot;string&quot;},&quot;name&quot;:&quot;fish&quot;,&quot;photoUrls&quot;:[&quot;string&quot;],&quot;tags&quot;:[{&quot;id&quot;:0,&quot;name&quot;:&quot;string&quot;}],&quot;status&quot;:&quot;available&quot;},{&quot;id&quot;:9223372036854772771,&quot;category&quot;:{&quot;id&quot;:0,&quot;name&quot;:&quot;string&quot;},&quot;name&quot;:&quot;fish&quot;,&quot;photoUrls&quot;:[&quot;string&quot;],&quot;tags&quot;:[{&quot;id&quot;:0,&quot;name&quot;:&quot;string&quot;}],&quot;status&quot;:&quot;available&quot;},{&quot;id&quot;:9223372036854772772,&quot;category&quot;:{&quot;id&quot;:0,&quot;name&quot;:&quot;string&quot;},&quot;name&quot;:&quot;fish&quot;,&quot;photoUrls&quot;:[&quot;string&quot;],&quot;tags&quot;:[{&quot;id&quot;:0,&quot;name&quot;:&quot;string&quot;}],&quot;status&quot;:&quot;available&quot;},{&quot;id&quot;:9223372036854772773,&quot;category&quot;:{&quot;id&quot;:0,&quot;name&quot;:&quot;string&quot;},&quot;name&quot;:&quot;fish&quot;,&quot;photoUrls&quot;:[&quot;string&quot;],&quot;tags&quot;:[{&quot;id&quot;:0,&quot;name&quot;:&quot;string&quot;}],&quot;status&quot;:&quot;available&quot;},{&quot;id&quot;:9223372036854772778,&quot;category&quot;:{&quot;id&quot;:0,&quot;name&quot;:&quot;string&quot;},&quot;name&quot;:&quot;fish&quot;,&quot;photoUrls&quot;:[&quot;string&quot;],&quot;tags&quot;:[{&quot;id&quot;:0,&quot;name&quot;:&quot;string&quot;}],&quot;status&quot;:&quot;available&quot;},{&quot;id&quot;:9223372036854772786,&quot;category&quot;:{&quot;id&quot;:1804,&quot;name&quot;:&quot;dog&quot;},&quot;name&quot;:&quot;rex&quot;,&quot;photoUrls&quot;:[&quot;string&quot;],&quot;tags&quot;:[{&quot;id&quot;:1804,&quot;name&quot;:&quot;sheperd&quot;}],&quot;status&quot;:&quot;available&quot;},{&quot;id&quot;:9223372036854772787,&quot;category&quot;:{&quot;id&quot;:0,&quot;name&quot;:&quot;string&quot;},&quot;name&quot;:&quot;doggie&quot;,&quot;photoUrls&quot;:[&quot;string&quot;],&quot;tags&quot;:[{&quot;id&quot;:0,&quot;name&quot;:&quot;string&quot;}],&quot;status&quot;:&quot;available&quot;},{&quot;id&quot;:9223372036854772792,&quot;category&quot;:{&quot;id&quot;:1804,&quot;name&quot;:&quot;dog&quot;},&quot;name&quot;:&quot;rex&quot;,&quot;photoUrls&quot;:[&quot;string&quot;],&quot;tags&quot;:[{&quot;id&quot;:1804,&quot;name&quot;:&quot;sheperd&quot;}],&quot;status&quot;:&quot;available&quot;},{&quot;id&quot;:9223372036854772793,&quot;category&quot;:{&quot;id&quot;:1804,&quot;name&quot;:&quot;dog&quot;},&quot;name&quot;:&quot;rex&quot;,&quot;photoUrls&quot;:[&quot;string&quot;],&quot;tags&quot;:[{&quot;id&quot;:1804,&quot;name&quot;:&quot;sheperd&quot;}],&quot;status&quot;:&quot;available&quot;},{&quot;id&quot;:9223372036854772794,&quot;category&quot;:{&quot;id&quot;:0,&quot;name&quot;:&quot;cats&quot;},&quot;name&quot;:&quot;красивые большие глазки&quot;,&quot;photoUrls&quot;:[&quot;https://klike.net/uploads/posts/2019-06/medium/1561011173_8.jpg&quot;],&quot;tags&quot;:[{&quot;id&quot;:0,&quot;name&quot;:&quot;большие глазки&quot;}],&quot;status&quot;:&quot;available&quot;},{&quot;id&quot;:9222968140497180179,&quot;category&quot;:{&quot;id&quot;:0,&quot;name&quot;:&quot;string&quot;},&quot;name&quot;:&quot;test&quot;,&quot;photoUrls&quot;:[&quot;string&quot;],&quot;tags&quot;:[{&quot;id&quot;:0,&quot;name&quot;:&quot;string&quot;}],&quot;status&quot;:&quot;available&quot;},{&quot;id&quot;:9223372036854772805,&quot;category&quot;:{&quot;id&quot;:1804,&quot;name&quot;:&quot;dog&quot;},&quot;name&quot;:&quot;rex&quot;,&quot;photoUrls&quot;:[&quot;string&quot;],&quot;tags&quot;:[{&quot;id&quot;:1804,&quot;name&quot;:&quot;sheperd&quot;}],&quot;status&quot;:&quot;available&quot;},{&quot;id&quot;:1245,&quot;category&quot;:{&quot;id&quot;:1245,&quot;name&quot;:&quot;xyz&quot;},&quot;name&quot;:&quot;xyz&quot;,&quot;photoUrls&quot;:[&quot;test&quot;],&quot;tags&quot;:[],&quot;status&quot;:&quot;available&quot;},{&quot;id&quot;:9223372036854772809,&quot;category&quot;:{&quot;id&quot;:1804,&quot;name&quot;:&quot;dog&quot;},&quot;name&quot;:&quot;rex&quot;,&quot;photoUrls&quot;:[&quot;string&quot;],&quot;tags&quot;:[{&quot;id&quot;:1804,&quot;name&quot;:&quot;sheperd&quot;}],&quot;status&quot;:&quot;available&quot;},{&quot;id&quot;:1340,&quot;category&quot;:{&quot;id&quot;:1340,&quot;name&quot;:&quot;cat&quot;},&quot;name&quot;:&quot;persic&quot;,&quot;photoUrls&quot;:[&quot;string&quot;],&quot;tags&quot;:[{&quot;id&quot;:1340,&quot;name&quot;:&quot;red&quot;}],&quot;status&quot;:&quot;available&quot;},{&quot;id&quot;:9223372036854772829,&quot;category&quot;:{&quot;id&quot;:1804,&quot;name&quot;:&quot;dog&quot;},&quot;name&quot;:&quot;rex&quot;,&quot;photoUrls&quot;:[&quot;string&quot;],&quot;tags&quot;:[{&quot;id&quot;:1804,&quot;name&quot;:&quot;sheperd&quot;}],&quot;status&quot;:&quot;available&quot;},{&quot;id&quot;:9223372036854772831,&quot;category&quot;:{&quot;id&quot;:0,&quot;name&quot;:&quot;string&quot;},&quot;name&quot;:&quot;doggie&quot;,&quot;photoUrls&quot;:[&quot;string&quot;],&quot;tags&quot;:[{&quot;id&quot;:0,&quot;name&quot;:&quot;string&quot;}],&quot;status&quot;:&quot;available&quot;},{&quot;id&quot;:478364873,&quot;category&quot;:{&quot;id&quot;:1,&quot;name&quot;:&quot;Cat&quot;},&quot;name&quot;:&quot;Bruno&quot;,&quot;photoUrls&quot;:[&quot;https://upload.wikimedia.org/wikipedia/commons/0/0e/Felis_silvestris_silvestris.jpg&quot;],&quot;tags&quot;:[{&quot;id&quot;:1,&quot;name&quot;:&quot;Felis silvestris&quot;}],&quot;status&quot;:&quot;available&quot;},{&quot;id&quot;:9223372036854772832,&quot;category&quot;:{&quot;id&quot;:0,&quot;name&quot;:&quot;string&quot;},&quot;name&quot;:&quot;fish&quot;,&quot;photoUrls&quot;:[&quot;string&quot;],&quot;tags&quot;:[{&quot;id&quot;:0,&quot;name&quot;:&quot;string&quot;}],&quot;status&quot;:&quot;available&quot;},{&quot;id&quot;:9223372036854772833,&quot;category&quot;:{&quot;id&quot;:0,&quot;name&quot;:&quot;string&quot;},&quot;name&quot;:&quot;doggie&quot;,&quot;photoUrls&quot;:[&quot;string&quot;],&quot;tags&quot;:[{&quot;id&quot;:0,&quot;name&quot;:&quot;string&quot;}],&quot;status&quot;:&quot;available&quot;},{&quot;id&quot;:9223372036854772835,&quot;category&quot;:{&quot;id&quot;:0,&quot;name&quot;:&quot;string&quot;},&quot;name&quot;:&quot;fish&quot;,&quot;photoUrls&quot;:[&quot;string&quot;],&quot;tags&quot;:[{&quot;id&quot;:0,&quot;name&quot;:&quot;string&quot;}],&quot;status&quot;:&quot;available&quot;},{&quot;id&quot;:9223372036854772838,&quot;category&quot;:{&quot;id&quot;:0,&quot;name&quot;:&quot;string&quot;},&quot;name&quot;:&quot;doggie&quot;,&quot;photoUrls&quot;:[&quot;string&quot;],&quot;tags&quot;:[{&quot;id&quot;:0,&quot;name&quot;:&quot;string&quot;}],&quot;status&quot;:&quot;available&quot;},{&quot;id&quot;:9223372036854772845,&quot;name&quot;:&quot;doggieUpdated&quot;,&quot;photoUrls&quot;:[],&quot;tags&quot;:[],&quot;status&quot;:&quot;available&quot;},{&quot;id&quot;:9223372036854772846,&quot;name&quot;:&quot;fishUpdated&quot;,&quot;photoUrls&quot;:[],&quot;tags&quot;:[],&quot;status&quot;:&quot;available&quot;},{&quot;id&quot;:9223372036854772847,&quot;name&quot;:&quot;LunaUpdated&quot;,&quot;photoUrls&quot;:[],&quot;tags&quot;:[],&quot;status&quot;:&quot;available&quot;},{&quot;id&quot;:9223372036854772848,&quot;name&quot;:&quot;CharlieUpdated&quot;,&quot;photoUrls&quot;:[],&quot;tags&quot;:[],&quot;status&quot;:&quot;available&quot;},{&quot;id&quot;:9223372036854772849,&quot;category&quot;:{&quot;id&quot;:0,&quot;name&quot;:&quot;string&quot;},&quot;name&quot;:&quot;fish&quot;,&quot;photoUrls&quot;:[&quot;string&quot;],&quot;tags&quot;:[{&quot;id&quot;:0,&quot;name&quot;:&quot;string&quot;}],&quot;status&quot;:&quot;available&quot;},{&quot;id&quot;:88888,&quot;category&quot;:{&quot;id&quot;:0,&quot;name&quot;:&quot;string&quot;},&quot;name&quot;:&quot;bentley&quot;,&quot;photoUrls&quot;:[&quot;string&quot;],&quot;tags&quot;:[{&quot;id&quot;:0,&quot;name&quot;:&quot;string&quot;}],&quot;status&quot;:&quot;available&quot;},{&quot;id&quot;:9223372036854772862,&quot;name&quot;:&quot;doggieUpdated&quot;,&quot;photoUrls&quot;:[],&quot;tags&quot;:[],&quot;status&quot;:&quot;available&quot;},{&quot;id&quot;:9223372036854772866,&quot;name&quot;:&quot;fishUpdated&quot;,&quot;photoUrls&quot;:[],&quot;tags&quot;:[],&quot;status&quot;:&quot;available&quot;},{&quot;id&quot;:9223372036854772868,&quot;name&quot;:&quot;LunaUpdated&quot;,&quot;photoUrls&quot;:[],&quot;tags&quot;:[],&quot;status&quot;:&quot;available&quot;},{&quot;id&quot;:9223372036854772869,&quot;category&quot;:{&quot;id&quot;:1804,&quot;name&quot;:&quot;dog&quot;},&quot;name&quot;:&quot;rex&quot;,&quot;photoUrls&quot;:[&quot;string&quot;],&quot;tags&quot;:[{&quot;id&quot;:1804,&quot;name&quot;:&quot;sheperd&quot;}],&quot;status&quot;:&quot;available&quot;},{&quot;id&quot;:9223372036854772870,&quot;name&quot;:&quot;CharlieUpdated&quot;,&quot;photoUrls&quot;:[],&quot;tags&quot;:[],&quot;status&quot;:&quot;available&quot;},{&quot;id&quot;:9223372036854772872,&quot;category&quot;:{&quot;id&quot;:1804,&quot;name&quot;:&quot;dog&quot;},&quot;name&quot;:&quot;rex&quot;,&quot;photoUrls&quot;:[&quot;string&quot;],&quot;tags&quot;:[{&quot;id&quot;:1804,&quot;name&quot;:&quot;sheperd&quot;}],&quot;status&quot;:&quot;available&quot;},{&quot;id&quot;:9223372036854772875,&quot;category&quot;:{&quot;id&quot;:0,&quot;name&quot;:&quot;string&quot;},&quot;name&quot;:&quot;fish&quot;,&quot;photoUrls&quot;:[&quot;string&quot;],&quot;tags&quot;:[{&quot;id&quot;:0,&quot;name&quot;:&quot;string&quot;}],&quot;status&quot;:&quot;available&quot;},{&quot;id&quot;:9223372036854772876,&quot;category&quot;:{&quot;id&quot;:0,&quot;name&quot;:&quot;string&quot;},&quot;name&quot;:&quot;doggie&quot;,&quot;photoUrls&quot;:[&quot;string&quot;],&quot;tags&quot;:[{&quot;id&quot;:0,&quot;name&quot;:&quot;string&quot;}],&quot;status&quot;:&quot;available&quot;},{&quot;id&quot;:9223372036854772884,&quot;category&quot;:{&quot;id&quot;:0,&quot;name&quot;:&quot;Dog&quot;},&quot;name&quot;:&quot;Günther&quot;,&quot;photoUrls&quot;:[&quot;https://www.bmel.de/SharedDocs/Bilder/DE/_Tiere/Haus-Zootiere/tierschutz-hunde.jpg?__blob=wide&amp;v=3&quot;],&quot;tags&quot;:[{&quot;id&quot;:0,&quot;name&quot;:&quot;string&quot;}],&quot;status&quot;:&quot;available&quot;},{&quot;id&quot;:9223372036854772907,&quot;category&quot;:{&quot;id&quot;:0,&quot;name&quot;:&quot;string&quot;},&quot;name&quot;:&quot;fish&quot;,&quot;photoUrls&quot;:[&quot;string&quot;],&quot;tags&quot;:[{&quot;id&quot;:0,&quot;name&quot;:&quot;string&quot;}],&quot;status&quot;:&quot;available&quot;},{&quot;id&quot;:9223372036854772911,&quot;category&quot;:{&quot;id&quot;:0,&quot;name&quot;:&quot;string&quot;},&quot;name&quot;:&quot;fish&quot;,&quot;photoUrls&quot;:[&quot;string&quot;],&quot;tags&quot;:[{&quot;id&quot;:0,&quot;name&quot;:&quot;string&quot;}],&quot;status&quot;:&quot;available&quot;},{&quot;id&quot;:9223372036854772913,&quot;category&quot;:{&quot;id&quot;:0,&quot;name&quot;:&quot;Жужа&quot;},&quot;name&quot;:&quot;doggie&quot;,&quot;photoUrls&quot;:[&quot;string&quot;],&quot;tags&quot;:[{&quot;id&quot;:0,&quot;name&quot;:&quot;string&quot;}],&quot;status&quot;:&quot;available&quot;},{&quot;id&quot;:9223372036854772922,&quot;category&quot;:{&quot;id&quot;:0,&quot;name&quot;:&quot;mer&quot;},&quot;name&quot;:&quot;doggie&quot;,&quot;photoUrls&quot;:[&quot;string&quot;],&quot;tags&quot;:[{&quot;id&quot;:0,&quot;name&quot;:&quot;kuuur&quot;}],&quot;status&quot;:&quot;available&quot;},{&quot;id&quot;:9223372036854772926,&quot;category&quot;:{&quot;id&quot;:0,&quot;name&quot;:&quot;string&quot;},&quot;name&quot;:&quot;doggie&quot;,&quot;photoUrls&quot;:[&quot;string&quot;],&quot;tags&quot;:[{&quot;id&quot;:0,&quot;name&quot;:&quot;string&quot;}],&quot;status&quot;:&quot;available&quot;},{&quot;id&quot;:9223372036854772927,&quot;category&quot;:{&quot;id&quot;:0,&quot;name&quot;:&quot;string&quot;},&quot;name&quot;:&quot;fish&quot;,&quot;photoUrls&quot;:[&quot;string&quot;],&quot;tags&quot;:[{&quot;id&quot;:0,&quot;name&quot;:&quot;string&quot;}],&quot;status&quot;:&quot;available&quot;},{&quot;id&quot;:9223372036854772928,&quot;category&quot;:{&quot;id&quot;:0,&quot;name&quot;:&quot;string&quot;},&quot;name&quot;:&quot;fish&quot;,&quot;photoUrls&quot;:[&quot;string&quot;],&quot;tags&quot;:[{&quot;id&quot;:0,&quot;name&quot;:&quot;string&quot;}],&quot;status&quot;:&quot;available&quot;},{&quot;id&quot;:9223372036854772932,&quot;category&quot;:{&quot;id&quot;:0,&quot;name&quot;:&quot;string&quot;},&quot;name&quot;:&quot;doggie&quot;,&quot;photoUrls&quot;:[&quot;string&quot;],&quot;tags&quot;:[{&quot;id&quot;:0,&quot;name&quot;:&quot;string&quot;}],&quot;status&quot;:&quot;available&quot;},{&quot;id&quot;:9223372036854772937,&quot;category&quot;:{&quot;id&quot;:1,&quot;name&quot;:&quot;123&quot;},&quot;name&quot;:&quot;Bobik&quot;,&quot;photoUrls&quot;:[&quot;string&quot;],&quot;tags&quot;:[{&quot;id&quot;:1,&quot;name&quot;:&quot;234&quot;},{&quot;id&quot;:1,&quot;name&quot;:&quot;456&quot;}],&quot;status&quot;:&quot;available&quot;},{&quot;id&quot;:9223372036854772938,&quot;name&quot;:&quot;Jimmy&quot;,&quot;photoUrls&quot;:[&quot;string&quot;],&quot;tags&quot;:[],&quot;status&quot;:&quot;available&quot;},{&quot;id&quot;:9223372036854772939,&quot;category&quot;:{&quot;id&quot;:0,&quot;name&quot;:&quot;string&quot;},&quot;name&quot;:&quot;doggie&quot;,&quot;photoUrls&quot;:[&quot;string&quot;],&quot;tags&quot;:[{&quot;id&quot;:0,&quot;name&quot;:&quot;string&quot;}],&quot;status&quot;:&quot;available&quot;},{&quot;id&quot;:9223372036854772942,&quot;category&quot;:{&quot;id&quot;:0,&quot;name&quot;:&quot;string&quot;},&quot;name&quot;:&quot;fish&quot;,&quot;photoUrls&quot;:[&quot;string&quot;],&quot;tags&quot;:[{&quot;id&quot;:0,&quot;name&quot;:&quot;string&quot;}],&quot;status&quot;:&quot;available&quot;},{&quot;id&quot;:9223372036854772943,&quot;category&quot;:{&quot;id&quot;:0,&quot;name&quot;:&quot;string&quot;},&quot;name&quot;:&quot;fish&quot;,&quot;photoUrls&quot;:[&quot;string&quot;],&quot;tags&quot;:[{&quot;id&quot;:0,&quot;name&quot;:&quot;string&quot;}],&quot;status&quot;:&quot;available&quot;},{&quot;id&quot;:9223372036854772944,&quot;category&quot;:{&quot;id&quot;:0,&quot;name&quot;:&quot;string&quot;},&quot;name&quot;:&quot;fish&quot;,&quot;photoUrls&quot;:[&quot;string&quot;],&quot;tags&quot;:[{&quot;id&quot;:0,&quot;name&quot;:&quot;string&quot;}],&quot;status&quot;:&quot;available&quot;},{&quot;id&quot;:3342,&quot;category&quot;:{&quot;id&quot;:0},&quot;name&quot;:&quot;keks&quot;,&quot;photoUrls&quot;:[&quot;string&quot;],&quot;tags&quot;:[{&quot;id&quot;:0,&quot;name&quot;:&quot;string&quot;}],&quot;status&quot;:&quot;available&quot;},{&quot;id&quot;:9223372036854772959,&quot;category&quot;:{&quot;id&quot;:0,&quot;name&quot;:&quot;string&quot;},&quot;name&quot;:&quot;fish&quot;,&quot;photoUrls&quot;:[&quot;string&quot;],&quot;tags&quot;:[{&quot;id&quot;:0,&quot;name&quot;:&quot;string&quot;}],&quot;status&quot;:&quot;available&quot;},{&quot;id&quot;:5958,&quot;category&quot;:{&quot;id&quot;:0},&quot;name&quot;:&quot;keks&quot;,&quot;photoUrls&quot;:[&quot;string&quot;],&quot;tags&quot;:[{&quot;id&quot;:0,&quot;name&quot;:&quot;string&quot;}],&quot;status&quot;:&quot;available&quot;},{&quot;id&quot;:6730,&quot;category&quot;:{&quot;id&quot;:0},&quot;name&quot;:&quot;keks&quot;,&quot;photoUrls&quot;:[&quot;string&quot;],&quot;tags&quot;:[{&quot;id&quot;:0,&quot;name&quot;:&quot;string&quot;}],&quot;status&quot;:&quot;available&quot;},{&quot;id&quot;:9223372036854773018,&quot;category&quot;:{&quot;id&quot;:0,&quot;name&quot;:&quot;string&quot;},&quot;name&quot;:&quot;doggie&quot;,&quot;photoUrls&quot;:[&quot;string&quot;],&quot;tags&quot;:[{&quot;id&quot;:0,&quot;name&quot;:&quot;string&quot;}],&quot;status&quot;:&quot;available&quot;},{&quot;id&quot;:9223372036854773019,&quot;category&quot;:{&quot;id&quot;:0,&quot;name&quot;:&quot;string&quot;},&quot;name&quot;:&quot;Puppy&quot;,&quot;photoUrls&quot;:[&quot;string&quot;],&quot;tags&quot;:[{&quot;id&quot;:0,&quot;name&quot;:&quot;string&quot;}],&quot;status&quot;:&quot;available&quot;},{&quot;id&quot;:9223372036854773030,&quot;category&quot;:{&quot;id&quot;:0,&quot;name&quot;:&quot;string&quot;},&quot;name&quot;:&quot;doggie&quot;,&quot;photoUrls&quot;:[&quot;string&quot;],&quot;tags&quot;:[{&quot;id&quot;:0,&quot;name&quot;:&quot;string&quot;}],&quot;status&quot;:&quot;available&quot;},{&quot;id&quot;:9223372036854773032,&quot;category&quot;:{&quot;id&quot;:0,&quot;name&quot;:&quot;string&quot;},&quot;name&quot;:&quot;fish&quot;,&quot;photoUrls&quot;:[&quot;string&quot;],&quot;tags&quot;:[{&quot;id&quot;:0,&quot;name&quot;:&quot;string&quot;}],&quot;status&quot;:&quot;available&quot;},{&quot;id&quot;:9223372036854773033,&quot;category&quot;:{&quot;id&quot;:0,&quot;name&quot;:&quot;string&quot;},&quot;name&quot;:&quot;fish&quot;,&quot;photoUrls&quot;:[&quot;string&quot;],&quot;tags&quot;:[{&quot;id&quot;:0,&quot;name&quot;:&quot;string&quot;}],&quot;status&quot;:&quot;available&quot;},{&quot;id&quot;:9223372036854773034,&quot;category&quot;:{&quot;id&quot;:0,&quot;name&quot;:&quot;string&quot;},&quot;name&quot;:&quot;Puppy&quot;,&quot;photoUrls&quot;:[&quot;string&quot;],&quot;tags&quot;:[{&quot;id&quot;:0,&quot;name&quot;:&quot;string&quot;}],&quot;status&quot;:&quot;available&quot;},{&quot;id&quot;:9223372036854773035,&quot;name&quot;:&quot;Jimmy&quot;,&quot;photoUrls&quot;:[&quot;string&quot;],&quot;tags&quot;:[],&quot;status&quot;:&quot;available&quot;},{&quot;id&quot;:9223372036854773039,&quot;category&quot;:{&quot;id&quot;:0,&quot;name&quot;:&quot;string&quot;},&quot;name&quot;:&quot;doggie&quot;,&quot;photoUrls&quot;:[&quot;string&quot;],&quot;tags&quot;:[{&quot;id&quot;:0,&quot;name&quot;:&quot;string&quot;}],&quot;status&quot;:&quot;available&quot;},{&quot;id&quot;:9359,&quot;category&quot;:{&quot;id&quot;:0},&quot;name&quot;:&quot;keks&quot;,&quot;photoUrls&quot;:[&quot;string&quot;],&quot;tags&quot;:[{&quot;id&quot;:0,&quot;name&quot;:&quot;string&quot;}],&quot;status&quot;:&quot;available&quot;},{&quot;id&quot;:9223372036854773044,&quot;category&quot;:{&quot;id&quot;:0,&quot;name&quot;:&quot;string&quot;},&quot;name&quot;:&quot;fish&quot;,&quot;photoUrls&quot;:[&quot;string&quot;],&quot;tags&quot;:[{&quot;id&quot;:0,&quot;name&quot;:&quot;string&quot;}],&quot;status&quot;:&quot;available&quot;},{&quot;id&quot;:9223372036854773045,&quot;category&quot;:{&quot;id&quot;:0,&quot;name&quot;:&quot;string&quot;},&quot;name&quot;:&quot;Gigi&quot;,&quot;photoUrls&quot;:[&quot;string&quot;],&quot;tags&quot;:[{&quot;id&quot;:0,&quot;name&quot;:&quot;string&quot;}],&quot;status&quot;:&quot;available&quot;},{&quot;id&quot;:9223372036854773046,&quot;name&quot;:&quot;Jimmy&quot;,&quot;photoUrls&quot;:[&quot;string&quot;],&quot;tags&quot;:[],&quot;status&quot;:&quot;available&quot;},{&quot;id&quot;:9223372036854773048,&quot;category&quot;:{&quot;id&quot;:0,&quot;name&quot;:&quot;string&quot;},&quot;name&quot;:&quot;fish&quot;,&quot;photoUrls&quot;:[&quot;string&quot;],&quot;tags&quot;:[{&quot;id&quot;:0,&quot;name&quot;:&quot;string&quot;}],&quot;status&quot;:&quot;available&quot;},{&quot;id&quot;:123456,&quot;name&quot;:&quot;Fluffy&quot;,&quot;photoUrls&quot;:[],&quot;tags&quot;:[],&quot;status&quot;:&quot;available&quot;},{&quot;id&quot;:9223372036854773066,&quot;category&quot;:{&quot;id&quot;:0,&quot;name&quot;:&quot;Жужа&quot;},&quot;name&quot;:&quot;doggie&quot;,&quot;photoUrls&quot;:[&quot;string&quot;],&quot;tags&quot;:[{&quot;id&quot;:0,&quot;name&quot;:&quot;string&quot;}],&quot;status&quot;:&quot;available&quot;},{&quot;id&quot;:9223372036854773069,&quot;category&quot;:{&quot;id&quot;:0,&quot;name&quot;:&quot;string&quot;},&quot;name&quot;:&quot;doggie&quot;,&quot;photoUrls&quot;:[&quot;string&quot;],&quot;tags&quot;:[{&quot;id&quot;:0,&quot;name&quot;:&quot;string&quot;}],&quot;status&quot;:&quot;available&quot;},{&quot;id&quot;:9223372036854773070,&quot;category&quot;:{&quot;id&quot;:0,&quot;name&quot;:&quot;string&quot;},&quot;name&quot;:&quot;doggie&quot;,&quot;photoUrls&quot;:[&quot;string&quot;],&quot;tags&quot;:[{&quot;id&quot;:0,&quot;name&quot;:&quot;string&quot;}],&quot;status&quot;:&quot;available&quot;},{&quot;id&quot;:9223372036854773075,&quot;category&quot;:{&quot;id&quot;:0,&quot;name&quot;:&quot;string&quot;},&quot;name&quot;:&quot;doggie&quot;,&quot;photoUrls&quot;:[&quot;string&quot;],&quot;tags&quot;:[{&quot;id&quot;:0,&quot;name&quot;:&quot;string&quot;}],&quot;status&quot;:&quot;available&quot;},{&quot;id&quot;:9223372036854773078,&quot;category&quot;:{&quot;id&quot;:0,&quot;name&quot;:&quot;cats&quot;},&quot;name&quot;:&quot;красивые большие глазки&quot;,&quot;photoUrls&quot;:[&quot;https://klike.net/uploads/posts/2019-06/medium/1561011173_8.jpg&quot;],&quot;tags&quot;:[{&quot;id&quot;:0,&quot;name&quot;:&quot;большие глазки&quot;}],&quot;status&quot;:&quot;available&quot;},{&quot;id&quot;:9223372036854773080,&quot;category&quot;:{&quot;id&quot;:0,&quot;name&quot;:&quot;string&quot;},&quot;name&quot;:&quot;doggie&quot;,&quot;photoUrls&quot;:[&quot;string&quot;],&quot;tags&quot;:[{&quot;id&quot;:0,&quot;name&quot;:&quot;string&quot;}],&quot;status&quot;:&quot;available&quot;},{&quot;id&quot;:9223372036854773082,&quot;name&quot;:&quot;Jimmy&quot;,&quot;photoUrls&quot;:[&quot;string&quot;],&quot;tags&quot;:[],&quot;status&quot;:&quot;available&quot;},{&quot;id&quot;:9223372036854773085,&quot;category&quot;:{&quot;id&quot;:0,&quot;name&quot;:&quot;string&quot;},&quot;name&quot;:&quot;fish&quot;,&quot;photoUrls&quot;:[&quot;string&quot;],&quot;tags&quot;:[{&quot;id&quot;:0,&quot;name&quot;:&quot;string&quot;}],&quot;status&quot;:&quot;available&quot;},{&quot;id&quot;:9223372036854773086,&quot;category&quot;:{&quot;id&quot;:0,&quot;name&quot;:&quot;string&quot;},&quot;name&quot;:&quot;fish&quot;,&quot;photoUrls&quot;:[&quot;string&quot;],&quot;tags&quot;:[{&quot;id&quot;:0,&quot;name&quot;:&quot;string&quot;}],&quot;status&quot;:&quot;available&quot;},{&quot;id&quot;:9223372036854773094,&quot;category&quot;:{&quot;id&quot;:0,&quot;name&quot;:&quot;string&quot;},&quot;name&quot;:&quot;doggie&quot;,&quot;photoUrls&quot;:[&quot;string&quot;],&quot;tags&quot;:[{&quot;id&quot;:0,&quot;name&quot;:&quot;string&quot;}],&quot;status&quot;:&quot;available&quot;},{&quot;id&quot;:9223372036854773095,&quot;category&quot;:{&quot;id&quot;:0,&quot;name&quot;:&quot;cats&quot;},&quot;name&quot;:&quot;красивые большие глазки&quot;,&quot;photoUrls&quot;:[&quot;https://klike.net/uploads/posts/2019-06/medium/1561011173_8.jpg&quot;],&quot;tags&quot;:[{&quot;id&quot;:0,&quot;name&quot;:&quot;большие глазки&quot;}],&quot;status&quot;:&quot;available&quot;},{&quot;id&quot;:9223372036854773096,&quot;category&quot;:{&quot;id&quot;:0,&quot;name&quot;:&quot;string&quot;},&quot;name&quot;:&quot;doggie&quot;,&quot;photoUrls&quot;:[&quot;string&quot;],&quot;tags&quot;:[{&quot;id&quot;:0,&quot;name&quot;:&quot;string&quot;}],&quot;status&quot;:&quot;available&quot;},{&quot;id&quot;:9223372036854773099,&quot;category&quot;:{&quot;id&quot;:0,&quot;name&quot;:&quot;Жужа&quot;},&quot;name&quot;:&quot;doggie&quot;,&quot;photoUrls&quot;:[&quot;string&quot;],&quot;tags&quot;:[{&quot;id&quot;:0,&quot;name&quot;:&quot;string&quot;}],&quot;status&quot;:&quot;available&quot;},{&quot;id&quot;:99996,&quot;name&quot;:&quot;doggie_by_ms&quot;,&quot;photoUrls&quot;:[&quot;string&quot;],&quot;tags&quot;:[{&quot;id&quot;:0,&quot;name&quot;:&quot;string&quot;}],&quot;status&quot;:&quot;available&quot;},{&quot;id&quot;:9223372036854773102,&quot;category&quot;:{&quot;id&quot;:0,&quot;name&quot;:&quot;string&quot;},&quot;name&quot;:&quot;fish&quot;,&quot;photoUrls&quot;:[&quot;string&quot;],&quot;tags&quot;:[{&quot;id&quot;:0,&quot;name&quot;:&quot;string&quot;}],&quot;status&quot;:&quot;available&quot;},{&quot;id&quot;:9223372036854773103,&quot;category&quot;:{&quot;id&quot;:0,&quot;name&quot;:&quot;string&quot;},&quot;name&quot;:&quot;fish&quot;,&quot;photoUrls&quot;:[&quot;string&quot;],&quot;tags&quot;:[{&quot;id&quot;:0,&quot;name&quot;:&quot;string&quot;}],&quot;status&quot;:&quot;available&quot;},{&quot;id&quot;:9223372036854773110,&quot;category&quot;:{&quot;id&quot;:0,&quot;name&quot;:&quot;string&quot;},&quot;name&quot;:&quot;doggie&quot;,&quot;photoUrls&quot;:[&quot;string&quot;],&quot;tags&quot;:[{&quot;id&quot;:0,&quot;name&quot;:&quot;string&quot;}],&quot;status&quot;:&quot;available&quot;},{&quot;id&quot;:322,&quot;category&quot;:{&quot;id&quot;:323},&quot;name&quot;:&quot;Flopa&quot;,&quot;photoUrls&quot;:[],&quot;tags&quot;:[],&quot;status&quot;:&quot;available&quot;},{&quot;id&quot;:9223372036854773116,&quot;category&quot;:{&quot;id&quot;:0,&quot;name&quot;:&quot;Жужа&quot;},&quot;name&quot;:&quot;doggie&quot;,&quot;photoUrls&quot;:[&quot;string&quot;],&quot;tags&quot;:[{&quot;id&quot;:0,&quot;name&quot;:&quot;string&quot;}],&quot;status&quot;:&quot;available&quot;},{&quot;id&quot;:9223372036854773125,&quot;category&quot;:{&quot;id&quot;:0,&quot;name&quot;:&quot;string&quot;},&quot;name&quot;:&quot;fish&quot;,&quot;photoUrls&quot;:[&quot;string&quot;],&quot;tags&quot;:[{&quot;id&quot;:0,&quot;name&quot;:&quot;string&quot;}],&quot;status&quot;:&quot;available&quot;},{&quot;id&quot;:9223372036854773127,&quot;category&quot;:{&quot;id&quot;:0,&quot;name&quot;:&quot;string&quot;},&quot;name&quot;:&quot;fish&quot;,&quot;photoUrls&quot;:[&quot;string&quot;],&quot;tags&quot;:[{&quot;id&quot;:0,&quot;name&quot;:&quot;string&quot;}],&quot;status&quot;:&quot;available&quot;},{&quot;id&quot;:9223372036854773128,&quot;category&quot;:{&quot;id&quot;:0,&quot;name&quot;:&quot;string&quot;},&quot;name&quot;:&quot;fish&quot;,&quot;photoUrls&quot;:[&quot;string&quot;],&quot;tags&quot;:[{&quot;id&quot;:0,&quot;name&quot;:&quot;string&quot;}],&quot;status&quot;:&quot;available&quot;},{&quot;id&quot;:9223372036854773129,&quot;category&quot;:{&quot;id&quot;:0,&quot;name&quot;:&quot;string&quot;},&quot;name&quot;:&quot;fish&quot;,&quot;photoUrls&quot;:[&quot;string&quot;],&quot;tags&quot;:[{&quot;id&quot;:0,&quot;name&quot;:&quot;string&quot;}],&quot;status&quot;:&quot;available&quot;},{&quot;id&quot;:9223372036854773130,&quot;category&quot;:{&quot;id&quot;:0,&quot;name&quot;:&quot;Вава&quot;},&quot;name&quot;:&quot;doggie&quot;,&quot;photoUrls&quot;:[&quot;string&quot;],&quot;tags&quot;:[{&quot;id&quot;:0,&quot;name&quot;:&quot;string&quot;}],&quot;status&quot;:&quot;available&quot;},{&quot;id&quot;:9223372036854773133,&quot;category&quot;:{&quot;id&quot;:0,&quot;name&quot;:&quot;cats&quot;},&quot;name&quot;:&quot;красивые большие глазки&quot;,&quot;photoUrls&quot;:[&quot;https://klike.net/uploads/posts/2019-06/medium/1561011173_8.jpg&quot;],&quot;tags&quot;:[{&quot;id&quot;:0,&quot;name&quot;:&quot;большие глазки&quot;}],&quot;status&quot;:&quot;available&quot;},{&quot;id&quot;:103,&quot;category&quot;:{&quot;id&quot;:1,&quot;name&quot;:&quot;dog&quot;},&quot;name&quot;:&quot;pokkirie&quot;,&quot;photoUrls&quot;:[&quot;string&quot;],&quot;tags&quot;:[{&quot;id&quot;:0,&quot;name&quot;:&quot;string&quot;}],&quot;status&quot;:&quot;available&quot;},{&quot;id&quot;:9223372036854773169,&quot;name&quot;:&quot;Jimmy&quot;,&quot;photoUrls&quot;:[&quot;string&quot;],&quot;tags&quot;:[],&quot;status&quot;:&quot;available&quot;},{&quot;id&quot;:9223372036854773170,&quot;category&quot;:{&quot;id&quot;:0,&quot;name&quot;:&quot;string&quot;},&quot;name&quot;:&quot;doggie&quot;,&quot;photoUrls&quot;:[&quot;string&quot;],&quot;tags&quot;:[{&quot;id&quot;:0,&quot;name&quot;:&quot;string&quot;}],&quot;status&quot;:&quot;available&quot;},{&quot;id&quot;:9223372036854773187,&quot;category&quot;:{&quot;id&quot;:0,&quot;name&quot;:&quot;string&quot;},&quot;name&quot;:&quot;fish&quot;,&quot;photoUrls&quot;:[&quot;string&quot;],&quot;tags&quot;:[{&quot;id&quot;:0,&quot;name&quot;:&quot;string&quot;}],&quot;status&quot;:&quot;available&quot;},{&quot;id&quot;:9223372036854773188,&quot;category&quot;:{&quot;id&quot;:0,&quot;name&quot;:&quot;string&quot;},&quot;name&quot;:&quot;fish&quot;,&quot;photoUrls&quot;:[&quot;string&quot;],&quot;tags&quot;:[{&quot;id&quot;:0,&quot;name&quot;:&quot;string&quot;}],&quot;status&quot;:&quot;available&quot;},{&quot;id&quot;:90,&quot;category&quot;:{&quot;id&quot;:0,&quot;name&quot;:&quot;string&quot;},&quot;name&quot;:&quot;\&quot;\&quot;&quot;,&quot;photoUrls&quot;:[&quot;string&quot;],&quot;tags&quot;:[{&quot;id&quot;:0,&quot;name&quot;:&quot;tagSwathi&quot;}],&quot;status&quot;:&quot;available&quot;},{&quot;id&quot;:9223372036854773198,&quot;category&quot;:{&quot;id&quot;:0,&quot;name&quot;:&quot;string&quot;},&quot;name&quot;:&quot;doggie&quot;,&quot;photoUrls&quot;:[&quot;string&quot;],&quot;tags&quot;:[{&quot;id&quot;:0,&quot;name&quot;:&quot;tagSwathi&quot;}],&quot;status&quot;:&quot;available&quot;},{&quot;id&quot;:9223372036854773204,&quot;category&quot;:{&quot;id&quot;:0,&quot;name&quot;:&quot;string&quot;},&quot;name&quot;:&quot;fish&quot;,&quot;photoUrls&quot;:[&quot;string&quot;],&quot;tags&quot;:[{&quot;id&quot;:0,&quot;name&quot;:&quot;string&quot;}],&quot;status&quot;:&quot;available&quot;},{&quot;id&quot;:55,&quot;category&quot;:{&quot;id&quot;:0,&quot;name&quot;:&quot;string&quot;},&quot;name&quot;:&quot;VssAdministrator&quot;,&quot;photoUrls&quot;:[&quot;string&quot;],&quot;tags&quot;:[{&quot;id&quot;:0,&quot;name&quot;:&quot;string&quot;}],&quot;status&quot;:&quot;available&quot;},{&quot;id&quot;:9223372036854773212,&quot;category&quot;:{&quot;id&quot;:0,&quot;name&quot;:&quot;string&quot;},&quot;name&quot;:&quot;doggie&quot;,&quot;photoUrls&quot;:[&quot;string&quot;],&quot;tags&quot;:[{&quot;id&quot;:0,&quot;name&quot;:&quot;tagSwathi&quot;}],&quot;status&quot;:&quot;available&quot;},{&quot;id&quot;:9223372036854773216,&quot;category&quot;:{&quot;id&quot;:0,&quot;name&quot;:&quot;string&quot;},&quot;name&quot;:&quot;fish&quot;,&quot;photoUrls&quot;:[&quot;string&quot;],&quot;tags&quot;:[{&quot;id&quot;:0,&quot;name&quot;:&quot;string&quot;}],&quot;status&quot;:&quot;available&quot;},{&quot;id&quot;:9223372036854773218,&quot;category&quot;:{&quot;id&quot;:0,&quot;name&quot;:&quot;string&quot;},&quot;name&quot;:&quot;doggie&quot;,&quot;photoUrls&quot;:[&quot;string&quot;],&quot;tags&quot;:[{&quot;id&quot;:0,&quot;name&quot;:&quot;tagSwathi&quot;}],&quot;status&quot;:&quot;available&quot;},{&quot;id&quot;:9223372036854773232,&quot;category&quot;:{&quot;id&quot;:0,&quot;name&quot;:&quot;string&quot;},&quot;name&quot;:&quot;doggie&quot;,&quot;photoUrls&quot;:[&quot;string&quot;],&quot;tags&quot;:[{&quot;id&quot;:0,&quot;name&quot;:&quot;tagSwathi&quot;}],&quot;status&quot;:&quot;available&quot;},{&quot;id&quot;:9223372036854773236,&quot;category&quot;:{&quot;id&quot;:0,&quot;name&quot;:&quot;string&quot;},&quot;name&quot;:&quot;doggie&quot;,&quot;photoUrls&quot;:[&quot;string&quot;],&quot;tags&quot;:[{&quot;id&quot;:0,&quot;name&quot;:&quot;string&quot;}],&quot;status&quot;:&quot;available&quot;},{&quot;id&quot;:9223372036854773250,&quot;category&quot;:{&quot;id&quot;:0,&quot;name&quot;:&quot;string&quot;},&quot;name&quot;:&quot;doggie&quot;,&quot;photoUrls&quot;:[&quot;string&quot;],&quot;tags&quot;:[{&quot;id&quot;:0,&quot;name&quot;:&quot;string&quot;}],&quot;status&quot;:&quot;available&quot;},{&quot;id&quot;:9223372036854773251,&quot;category&quot;:{&quot;id&quot;:0,&quot;name&quot;:&quot;string&quot;},&quot;name&quot;:&quot;doggie&quot;,&quot;photoUrls&quot;:[&quot;string&quot;],&quot;tags&quot;:[{&quot;id&quot;:0,&quot;name&quot;:&quot;string&quot;}],&quot;status&quot;:&quot;available&quot;},{&quot;id&quot;:9223372036854773252,&quot;category&quot;:{&quot;id&quot;:0,&quot;name&quot;:&quot;string&quot;},&quot;name&quot;:&quot;fish&quot;,&quot;photoUrls&quot;:[&quot;string&quot;],&quot;tags&quot;:[{&quot;id&quot;:0,&quot;name&quot;:&quot;string&quot;}],&quot;status&quot;:&quot;available&quot;},{&quot;id&quot;:9223372036854773254,&quot;category&quot;:{&quot;id&quot;:0,&quot;name&quot;:&quot;string&quot;},&quot;name&quot;:&quot;fish&quot;,&quot;photoUrls&quot;:[&quot;string&quot;],&quot;tags&quot;:[{&quot;id&quot;:0,&quot;name&quot;:&quot;string&quot;}],&quot;status&quot;:&quot;available&quot;},{&quot;id&quot;:9223372036854773263,&quot;category&quot;:{&quot;id&quot;:0,&quot;name&quot;:&quot;string&quot;},&quot;name&quot;:&quot;fish&quot;,&quot;photoUrls&quot;:[&quot;string&quot;],&quot;tags&quot;:[{&quot;id&quot;:0,&quot;name&quot;:&quot;string&quot;}],&quot;status&quot;:&quot;available&quot;},{&quot;id&quot;:9223372036854773264,&quot;category&quot;:{&quot;id&quot;:0,&quot;name&quot;:&quot;string&quot;},&quot;name&quot;:&quot;fish&quot;,&quot;photoUrls&quot;:[&quot;string&quot;],&quot;tags&quot;:[{&quot;id&quot;:0,&quot;name&quot;:&quot;string&quot;}],&quot;status&quot;:&quot;available&quot;},{&quot;id&quot;:9223372036854773265,&quot;category&quot;:{&quot;id&quot;:0,&quot;name&quot;:&quot;string&quot;},&quot;name&quot;:&quot;doggie&quot;,&quot;photoUrls&quot;:[&quot;string&quot;],&quot;tags&quot;:[{&quot;id&quot;:0,&quot;name&quot;:&quot;string&quot;}],&quot;status&quot;:&quot;available&quot;},{&quot;id&quot;:9223372036854773266,&quot;category&quot;:{&quot;id&quot;:0,&quot;name&quot;:&quot;string&quot;},&quot;name&quot;:&quot;doggie&quot;,&quot;photoUrls&quot;:[&quot;string&quot;],&quot;tags&quot;:[{&quot;id&quot;:0,&quot;name&quot;:&quot;string&quot;}],&quot;status&quot;:&quot;available&quot;},{&quot;id&quot;:9223372036854773267,&quot;category&quot;:{&quot;id&quot;:0,&quot;name&quot;:&quot;string&quot;},&quot;name&quot;:&quot;doggie&quot;,&quot;photoUrls&quot;:[&quot;string&quot;],&quot;tags&quot;:[{&quot;id&quot;:0,&quot;name&quot;:&quot;string&quot;}],&quot;status&quot;:&quot;available&quot;},{&quot;id&quot;:9223372036854773268,&quot;category&quot;:{&quot;id&quot;:0,&quot;name&quot;:&quot;string&quot;},&quot;name&quot;:&quot;doggie&quot;,&quot;photoUrls&quot;:[&quot;string&quot;],&quot;tags&quot;:[{&quot;id&quot;:0,&quot;name&quot;:&quot;string&quot;}],&quot;status&quot;:&quot;available&quot;},{&quot;id&quot;:9223372036854773269,&quot;category&quot;:{&quot;id&quot;:0,&quot;name&quot;:&quot;string&quot;},&quot;name&quot;:&quot;doggie&quot;,&quot;photoUrls&quot;:[&quot;string&quot;],&quot;tags&quot;:[{&quot;id&quot;:0,&quot;name&quot;:&quot;string&quot;}],&quot;status&quot;:&quot;available&quot;},{&quot;id&quot;:9223372036854773270,&quot;category&quot;:{&quot;id&quot;:0,&quot;name&quot;:&quot;string&quot;},&quot;name&quot;:&quot;doggie&quot;,&quot;photoUrls&quot;:[&quot;string&quot;],&quot;tags&quot;:[{&quot;id&quot;:0,&quot;name&quot;:&quot;string&quot;}],&quot;status&quot;:&quot;available&quot;},{&quot;id&quot;:9223372036854773273,&quot;category&quot;:{&quot;id&quot;:0,&quot;name&quot;:&quot;string&quot;},&quot;name&quot;:&quot;doggie&quot;,&quot;photoUrls&quot;:[&quot;string&quot;],&quot;tags&quot;:[{&quot;id&quot;:0,&quot;name&quot;:&quot;string&quot;}],&quot;status&quot;:&quot;available&quot;},{&quot;id&quot;:9223372036854773274,&quot;category&quot;:{&quot;id&quot;:0,&quot;name&quot;:&quot;string&quot;},&quot;name&quot;:&quot;doggie&quot;,&quot;photoUrls&quot;:[&quot;string&quot;],&quot;tags&quot;:[{&quot;id&quot;:0,&quot;name&quot;:&quot;string&quot;}],&quot;status&quot;:&quot;available&quot;},{&quot;id&quot;:9223372036854773276,&quot;category&quot;:{&quot;id&quot;:0,&quot;name&quot;:&quot;string&quot;},&quot;name&quot;:&quot;doggie&quot;,&quot;photoUrls&quot;:[&quot;string&quot;],&quot;tags&quot;:[{&quot;id&quot;:0,&quot;name&quot;:&quot;string&quot;}],&quot;status&quot;:&quot;available&quot;},{&quot;id&quot;:9223372036854773278,&quot;category&quot;:{&quot;id&quot;:0,&quot;name&quot;:&quot;string&quot;},&quot;name&quot;:&quot;doggie&quot;,&quot;photoUrls&quot;:[&quot;string&quot;],&quot;tags&quot;:[{&quot;id&quot;:0,&quot;name&quot;:&quot;string&quot;}],&quot;status&quot;:&quot;available&quot;},{&quot;id&quot;:9223372036854773283,&quot;category&quot;:{&quot;id&quot;:0,&quot;name&quot;:&quot;string&quot;},&quot;name&quot;:&quot;doggie&quot;,&quot;photoUrls&quot;:[&quot;string&quot;],&quot;tags&quot;:[{&quot;id&quot;:0,&quot;name&quot;:&quot;string&quot;}],&quot;status&quot;:&quot;available&quot;},{&quot;id&quot;:12345,&quot;category&quot;:{&quot;id&quot;:0,&quot;name&quot;:&quot;cats&quot;},&quot;name&quot;:&quot;красивые большие глазки&quot;,&quot;photoUrls&quot;:[&quot;https://klike.net/uploads/posts/2019-06/medium/1561011173_8.jpg&quot;],&quot;tags&quot;:[{&quot;id&quot;:0,&quot;name&quot;:&quot;большие глазки&quot;}],&quot;status&quot;:&quot;available&quot;},{&quot;id&quot;:1816,&quot;category&quot;:{&quot;id&quot;:1804,&quot;name&quot;:&quot;dog&quot;},&quot;name&quot;:&quot;rex&quot;,&quot;photoUrls&quot;:[&quot;string&quot;],&quot;tags&quot;:[{&quot;id&quot;:1804,&quot;name&quot;:&quot;sheperd&quot;}],&quot;status&quot;:&quot;available&quot;},{&quot;id&quot;:9223372036854773285,&quot;category&quot;:{&quot;id&quot;:0,&quot;name&quot;:&quot;puppy&quot;},&quot;name&quot;:&quot;doggie&quot;,&quot;photoUrls&quot;:[&quot;string&quot;],&quot;tags&quot;:[{&quot;id&quot;:0,&quot;name&quot;:&quot;Charlie&quot;}],&quot;status&quot;:&quot;available&quot;},{&quot;id&quot;:9223372036854773286,&quot;category&quot;:{&quot;id&quot;:0,&quot;name&quot;:&quot;string&quot;},&quot;name&quot;:&quot;fish&quot;,&quot;photoUrls&quot;:[&quot;string&quot;],&quot;tags&quot;:[{&quot;id&quot;:0,&quot;name&quot;:&quot;string&quot;}],&quot;status&quot;:&quot;available&quot;},{&quot;id&quot;:9223372036854773287,&quot;name&quot;:&quot;siyaan&quot;,&quot;photoUrls&quot;:[],&quot;tags&quot;:[],&quot;status&quot;:&quot;available&quot;},{&quot;id&quot;:9223372036854773288,&quot;category&quot;:{&quot;id&quot;:0,&quot;name&quot;:&quot;string&quot;},&quot;name&quot;:&quot;doggie&quot;,&quot;photoUrls&quot;:[&quot;string&quot;],&quot;tags&quot;:[{&quot;id&quot;:0,&quot;name&quot;:&quot;string&quot;}],&quot;status&quot;:&quot;available&quot;},{&quot;id&quot;:9223372036854773289,&quot;category&quot;:{&quot;id&quot;:0,&quot;name&quot;:&quot;string&quot;},&quot;name&quot;:&quot;doggie&quot;,&quot;photoUrls&quot;:[&quot;string&quot;],&quot;tags&quot;:[{&quot;id&quot;:0,&quot;name&quot;:&quot;string&quot;}],&quot;status&quot;:&quot;available&quot;},{&quot;id&quot;:9223372036854773290,&quot;category&quot;:{&quot;id&quot;:0,&quot;name&quot;:&quot;string&quot;},&quot;name&quot;:&quot;fish&quot;,&quot;photoUrls&quot;:[&quot;string&quot;],&quot;tags&quot;:[{&quot;id&quot;:0,&quot;name&quot;:&quot;string&quot;}],&quot;status&quot;:&quot;available&quot;},{&quot;id&quot;:9223372036854773291,&quot;category&quot;:{&quot;id&quot;:0,&quot;name&quot;:&quot;string&quot;},&quot;name&quot;:&quot;doggie&quot;,&quot;photoUrls&quot;:[&quot;string&quot;],&quot;tags&quot;:[{&quot;id&quot;:0,&quot;name&quot;:&quot;string&quot;}],&quot;status&quot;:&quot;available&quot;},{&quot;id&quot;:9223372036854773292,&quot;category&quot;:{&quot;id&quot;:0,&quot;name&quot;:&quot;string&quot;},&quot;name&quot;:&quot;doggie&quot;,&quot;photoUrls&quot;:[&quot;string&quot;],&quot;tags&quot;:[{&quot;id&quot;:0,&quot;name&quot;:&quot;string&quot;}],&quot;status&quot;:&quot;available&quot;},{&quot;id&quot;:9223372036854773294,&quot;category&quot;:{&quot;id&quot;:0,&quot;name&quot;:&quot;string&quot;},&quot;name&quot;:&quot;fish&quot;,&quot;photoUrls&quot;:[&quot;string&quot;],&quot;tags&quot;:[{&quot;id&quot;:0,&quot;name&quot;:&quot;string&quot;}],&quot;status&quot;:&quot;available&quot;},{&quot;id&quot;:9223372036854773295,&quot;category&quot;:{&quot;id&quot;:0,&quot;name&quot;:&quot;string&quot;},&quot;name&quot;:&quot;fish&quot;,&quot;photoUrls&quot;:[&quot;string&quot;],&quot;tags&quot;:[{&quot;id&quot;:0,&quot;name&quot;:&quot;string&quot;}],&quot;status&quot;:&quot;available&quot;},{&quot;id&quot;:9223372036854773298,&quot;category&quot;:{&quot;id&quot;:0,&quot;name&quot;:&quot;string&quot;},&quot;name&quot;:&quot;doggie&quot;,&quot;photoUrls&quot;:[&quot;string&quot;],&quot;tags&quot;:[{&quot;id&quot;:0,&quot;name&quot;:&quot;string&quot;}],&quot;status&quot;:&quot;available&quot;},{&quot;id&quot;:98798404,&quot;category&quot;:{&quot;id&quot;:67482512,&quot;name&quot;:&quot;eiusmod Excepteur cillum&quot;},&quot;name&quot;:&quot;doggie&quot;,&quot;photoUrls&quot;:[&quot;consequat magna deserunt cupidatat&quot;,&quot;ullamco sunt amet ea conse&quot;],&quot;tags&quot;:[{&quot;id&quot;:38658984,&quot;name&quot;:&quot;consequat tempor&quot;},{&quot;id&quot;:-69811051,&quot;name&quot;:&quot;eu cillum do nisi sit&quot;}],&quot;status&quot;:&quot;available&quot;},{&quot;id&quot;:9223372036854773299,&quot;category&quot;:{&quot;id&quot;:0,&quot;name&quot;:&quot;string&quot;},&quot;name&quot;:&quot;doggie&quot;,&quot;photoUrls&quot;:[&quot;string&quot;],&quot;tags&quot;:[{&quot;id&quot;:0,&quot;name&quot;:&quot;string&quot;}],&quot;status&quot;:&quot;available&quot;},{&quot;id&quot;:9223372036854773303,&quot;category&quot;:{&quot;id&quot;:0,&quot;name&quot;:&quot;string&quot;},&quot;name&quot;:&quot;doggie&quot;,&quot;photoUrls&quot;:[&quot;string&quot;],&quot;tags&quot;:[{&quot;id&quot;:0,&quot;name&quot;:&quot;string&quot;}],&quot;status&quot;:&quot;available&quot;},{&quot;id&quot;:645,&quot;category&quot;:{&quot;id&quot;:1,&quot;name&quot;:&quot;dog&quot;},&quot;name&quot;:&quot;Wow&quot;,&quot;photoUrls&quot;:[],&quot;tags&quot;:[{&quot;id&quot;:1,&quot;name&quot;:&quot;Dog&quot;}],&quot;status&quot;:&quot;available&quot;},{&quot;id&quot;:9223372036854773320,&quot;category&quot;:{&quot;id&quot;:1,&quot;name&quot;:&quot;homie&quot;},&quot;name&quot;:&quot;Alice322&quot;,&quot;photoUrls&quot;:[&quot;string&quot;],&quot;tags&quot;:[{&quot;id&quot;:1,&quot;name&quot;:&quot;rabbit&quot;}],&quot;status&quot;:&quot;available&quot;},{&quot;id&quot;:9223372036854773332,&quot;category&quot;:{&quot;id&quot;:0,&quot;name&quot;:&quot;string&quot;},&quot;name&quot;:&quot;doggie&quot;,&quot;photoUrls&quot;:[&quot;string&quot;],&quot;tags&quot;:[{&quot;id&quot;:0,&quot;name&quot;:&quot;string&quot;}],&quot;status&quot;:&quot;available&quot;},{&quot;id&quot;:9223372036854773333,&quot;category&quot;:{&quot;id&quot;:0,&quot;name&quot;:&quot;string&quot;},&quot;name&quot;:&quot;doggie&quot;,&quot;photoUrls&quot;:[&quot;string&quot;],&quot;tags&quot;:[{&quot;id&quot;:0,&quot;name&quot;:&quot;string&quot;}],&quot;status&quot;:&quot;available&quot;},{&quot;id&quot;:9223372036854773334,&quot;category&quot;:{&quot;id&quot;:0,&quot;name&quot;:&quot;string&quot;},&quot;name&quot;:&quot;Blue&quot;,&quot;photoUrls&quot;:[&quot;string&quot;],&quot;tags&quot;:[{&quot;id&quot;:0,&quot;name&quot;:&quot;string&quot;}],&quot;status&quot;:&quot;available&quot;},{&quot;id&quot;:9223372036854773335,&quot;category&quot;:{&quot;id&quot;:0,&quot;name&quot;:&quot;string&quot;},&quot;name&quot;:&quot;doggie&quot;,&quot;photoUrls&quot;:[&quot;string&quot;],&quot;tags&quot;:[{&quot;id&quot;:0,&quot;name&quot;:&quot;string&quot;}],&quot;status&quot;:&quot;available&quot;},{&quot;id&quot;:9223372036854773337,&quot;category&quot;:{&quot;id&quot;:0,&quot;name&quot;:&quot;Вава&quot;},&quot;name&quot;:&quot;doggie&quot;,&quot;photoUrls&quot;:[&quot;string&quot;],&quot;tags&quot;:[{&quot;id&quot;:0,&quot;name&quot;:&quot;string&quot;}],&quot;status&quot;:&quot;available&quot;},{&quot;id&quot;:9223372036854773338,&quot;category&quot;:{&quot;id&quot;:0,&quot;name&quot;:&quot;string&quot;},&quot;name&quot;:&quot;fish&quot;,&quot;photoUrls&quot;:[&quot;string&quot;],&quot;tags&quot;:[{&quot;id&quot;:0,&quot;name&quot;:&quot;string&quot;}],&quot;status&quot;:&quot;available&quot;},{&quot;id&quot;:9223372036854773339,&quot;category&quot;:{&quot;id&quot;:0,&quot;name&quot;:&quot;string&quot;},&quot;name&quot;:&quot;doggie&quot;,&quot;photoUrls&quot;:[&quot;string&quot;],&quot;tags&quot;:[{&quot;id&quot;:0,&quot;name&quot;:&quot;string&quot;}],&quot;status&quot;:&quot;available&quot;},{&quot;id&quot;:9223372036854773340,&quot;category&quot;:{&quot;id&quot;:0,&quot;name&quot;:&quot;string&quot;},&quot;name&quot;:&quot;doggie&quot;,&quot;photoUrls&quot;:[&quot;string&quot;],&quot;tags&quot;:[{&quot;id&quot;:0,&quot;name&quot;:&quot;string&quot;}],&quot;status&quot;:&quot;available&quot;},{&quot;id&quot;:19,&quot;category&quot;:{&quot;id&quot;:0,&quot;name&quot;:&quot;string&quot;},&quot;name&quot;:&quot;doggie&quot;,&quot;photoUrls&quot;:[&quot;string&quot;],&quot;tags&quot;:[{&quot;id&quot;:0,&quot;name&quot;:&quot;string&quot;}],&quot;status&quot;:&quot;available&quot;},{&quot;id&quot;:9223372036854773345,&quot;category&quot;:{&quot;id&quot;:0,&quot;name&quot;:&quot;string&quot;},&quot;name&quot;:&quot;fish&quot;,&quot;photoUrls&quot;:[&quot;string&quot;],&quot;tags&quot;:[{&quot;id&quot;:0,&quot;name&quot;:&quot;string&quot;}],&quot;status&quot;:&quot;available&quot;},{&quot;id&quot;:12,&quot;category&quot;:{&quot;id&quot;:1,&quot;name&quot;:&quot;string&quot;},&quot;name&quot;:&quot;doggie&quot;,&quot;photoUrls&quot;:[&quot;string&quot;],&quot;tags&quot;:[{&quot;id&quot;:1,&quot;name&quot;:&quot;string&quot;}],&quot;status&quot;:&quot;available&quot;},{&quot;id&quot;:9223372036854773348,&quot;category&quot;:{&quot;id&quot;:0,&quot;name&quot;:&quot;string&quot;},&quot;name&quot;:&quot;doggie&quot;,&quot;photoUrls&quot;:[&quot;string&quot;],&quot;tags&quot;:[{&quot;id&quot;:0,&quot;name&quot;:&quot;string&quot;}],&quot;status&quot;:&quot;available&quot;},{&quot;id&quot;:9223372036854773351,&quot;category&quot;:{&quot;id&quot;:0,&quot;name&quot;:&quot;Вава&quot;},&quot;name&quot;:&quot;doggie&quot;,&quot;photoUrls&quot;:[&quot;string&quot;],&quot;tags&quot;:[{&quot;id&quot;:0,&quot;name&quot;:&quot;string&quot;}],&quot;status&quot;:&quot;available&quot;},{&quot;id&quot;:9223372036854773352,&quot;category&quot;:{&quot;id&quot;:0,&quot;name&quot;:&quot;string&quot;},&quot;name&quot;:&quot;doggie&quot;,&quot;photoUrls&quot;:[&quot;string&quot;],&quot;tags&quot;:[{&quot;id&quot;:0,&quot;name&quot;:&quot;string&quot;}],&quot;status&quot;:&quot;available&quot;},{&quot;id&quot;:9223372036854773353,&quot;category&quot;:{&quot;id&quot;:0,&quot;name&quot;:&quot;string&quot;},&quot;name&quot;:&quot;fish&quot;,&quot;photoUrls&quot;:[&quot;string&quot;],&quot;tags&quot;:[{&quot;id&quot;:0,&quot;name&quot;:&quot;string&quot;}],&quot;status&quot;:&quot;available&quot;},{&quot;id&quot;:9223372036854773363,&quot;category&quot;:{&quot;id&quot;:0,&quot;name&quot;:&quot;Вава&quot;},&quot;name&quot;:&quot;doggie&quot;,&quot;photoUrls&quot;:[&quot;string&quot;],&quot;tags&quot;:[{&quot;id&quot;:0,&quot;name&quot;:&quot;string&quot;}],&quot;status&quot;:&quot;available&quot;},{&quot;id&quot;:9223372036854773367,&quot;category&quot;:{&quot;id&quot;:0,&quot;name&quot;:&quot;string&quot;},&quot;name&quot;:&quot;doggie&quot;,&quot;photoUrls&quot;:[&quot;string&quot;],&quot;tags&quot;:[{&quot;id&quot;:0,&quot;name&quot;:&quot;string&quot;}],&quot;status&quot;:&quot;available&quot;},{&quot;id&quot;:9223372036854773368,&quot;category&quot;:{&quot;id&quot;:0,&quot;name&quot;:&quot;string&quot;},&quot;name&quot;:&quot;doggie&quot;,&quot;photoUrls&quot;:[&quot;string&quot;],&quot;tags&quot;:[{&quot;id&quot;:0,&quot;name&quot;:&quot;string&quot;}],&quot;status&quot;:&quot;available&quot;},{&quot;id&quot;:83402955,&quot;category&quot;:{&quot;id&quot;:-47552382,&quot;name&quot;:&quot;non commodo in&quot;},&quot;name&quot;:&quot;doggie&quot;,&quot;photoUrls&quot;:[&quot;est&quot;,&quot;aliqua culpa reprehenderit labore&quot;],&quot;tags&quot;:[{&quot;id&quot;:-12365530,&quot;name&quot;:&quot;ea&quot;},{&quot;id&quot;:4697299,&quot;name&quot;:&quot;deserunt&quot;}],&quot;status&quot;:&quot;available&quot;},{&quot;id&quot;:9223372036854773369,&quot;category&quot;:{&quot;id&quot;:0,&quot;name&quot;:&quot;string&quot;},&quot;name&quot;:&quot;test&quot;,&quot;photoUrls&quot;:[&quot;string&quot;],&quot;tags&quot;:[{&quot;id&quot;:0,&quot;name&quot;:&quot;string&quot;}],&quot;status&quot;:&quot;available&quot;},{&quot;id&quot;:9223372036854773370,&quot;category&quot;:{&quot;id&quot;:0,&quot;name&quot;:&quot;string&quot;},&quot;name&quot;:&quot;test&quot;,&quot;photoUrls&quot;:[&quot;string&quot;],&quot;tags&quot;:[{&quot;id&
[...]
ailable"},{"id":9223372036854772944,"category":{"id":0,"name":"string"},"name":"fish","photoUrls":["string"],"tags":[{"id":0,"name":"string"}],"status":"available"},{"id":3342,"category":{"id":0},"name":"keks","photoUrls":["string"],"tags":[{"id":0,"name":"string"}],"status":"available"},{"id":9223372036854772959,"category":{"id":0,"name":"string"},"name":"fish","photoUrls":["string"],"tags":[{"id":0,"name":"string"}],"status":"available"},{"id":5958,"category":{"id":0},"name":"keks","photoUrls":["string"],"tags":[{"id":0,"name":"string"}],"status":"available"},{"id":6730,"category":{"id":0},"name":"keks","photoUrls":["string"],"tags":[{"id":0,"name":"string"}],"status":"available"},{"id":9223372036854773018,"category":{"id":0,"name":"string"},"name":"doggie","photoUrls":["string"],"tags":[{"id":0,"name":"string"}],"status":"available"},{"id":9223372036854773019,"category":{"id":0,"name":"string"},"name":"Puppy","photoUrls":["string"],"tags":[{"id":0,"name":"string"}],"status":"available"},{"id":9223372036854773030,"category":{"id":0,"name":"string"},"name":"doggie","photoUrls":["string"],"tags":[{"id":0,"name":"string"}],"status":"available"},{"id":9223372036854773032,"category":{"id":0,"name":"string"},"name":"fish","photoUrls":["string"],"tags":[{"id":0,"name":"string"}],"status":"available"},{"id":9223372036854773033,"category":{"id":0,"name":"string"},"name":"fish","photoUrls":["string"],"tags":[{"id":0,"name":"string"}],"status":"available"},{"id":9223372036854773034,"category":{"id":0,"name":"string"},"name":"Puppy","photoUrls":["string"],"tags":[{"id":0,"name":"string"}],"status":"available"},{"id":9223372036854773035,"name":"Jimmy","photoUrls":["string"],"tags":[],"status":"available"},{"id":9223372036854773039,"category":{"id":0,"name":"string"},"name":"doggie","photoUrls":["string"],"tags":[{"id":0,"name":"string"}],"status":"available"},{"id":9359,"category":{"id":0},"name":"keks","photoUrls":["string"],"tags":[{"id":0,"name":"string"}],"status":"available"},{"id":9223372036854773044,"category":{"id":0,"name":"string"},"name":"fish","photoUrls":["string"],"tags":[{"id":0,"name":"string"}],"status":"available"},{"id":9223372036854773045,"category":{"id":0,"name":"string"},"name":"Gigi","photoUrls":["string"],"tags":[{"id":0,"name":"string"}],"status":"available"},{"id":9223372036854773046,"name":"Jimmy","photoUrls":["string"],"tags":[],"status":"available"},{"id":9223372036854773048,"category":{"id":0,"name":"string"},"name":"fish","photoUrls":["string"],"tags":[{"id":0,"name":"string"}],"status":"available"},{"id":123456,"name":"Fluffy","photoUrls":[],"tags":[],"status":"available"},{"id":9223372036854773066,"category":{"id":0,"name":"Жужа"},"name":"doggie","photoUrls":["string"],"tags":[{"id":0,"name":"string"}],"status":"available"},{"id":9223372036854773069,"category":{"id":0,"name":"string"},"name":"doggie","photoUrls":["string"],"tags":[{"id":0,"name":"string"}],"status":"available"},{"id":9223372036854773070,"category":{"id":0,"name":"string"},"name":"doggie","photoUrls":["string"],"tags":[{"id":0,"name":"string"}],"status":"available"},{"id":9223372036854773075,"category":{"id":0,"name":"string"},"name":"doggie","photoUrls":["string"],"tags":[{"id":0,"name":"string"}],"status":"available"},{"id":9223372036854773078,"category":{"id":0,"name":"cats"},"name":"красивые большие глазки","photoUrls":["https://klike.net/uploads/posts/2019-06/medium/1561011173_8.jpg"],"tags":[{"id":0,"name":"большие глазки"}],"status":"available"},{"id":9223372036854773080,"category":{"id":0,"name":"string"},"name":"doggie","photoUrls":["string"],"tags":[{"id":0,"name":"string"}],"status":"available"},{"id":9223372036854773082,"name":"Jimmy","photoUrls":["string"],"tags":[],"status":"available"},{"id":9223372036854773085,"category":{"id":0,"name":"string"},"name":"fish","photoUrls":["string"],"tags":[{"id":0,"name":"string"}],"status":"available"},{"id":9223372036854773086,"category":{"id":0,"name":"string"},"name":"fish","photoUrls":["string"],"tags":[{"id":0,"name":"string"}],"status":"available"},{"id":9223372036854773094,"category":{"id":0,"name":"string"},"name":"doggie","photoUrls":["string"],"tags":[{"id":0,"name":"string"}],"status":"available"},{"id":9223372036854773095,"category":{"id":0,"name":"cats"},"name":"красивые большие глазки","photoUrls":["https://klike.net/uploads/posts/2019-06/medium/1561011173_8.jpg"],"tags":[{"id":0,"name":"большие глазки"}],"status":"available"},{"id":9223372036854773096,"category":{"id":0,"name":"string"},"name":"doggie","photoUrls":["string"],"tags":[{"id":0,"name":"string"}],"status":"available"},{"id":9223372036854773099,"category":{"id":0,"name":"Жужа"},"name":"doggie","photoUrls":["string"],"tags":[{"id":0,"name":"string"}],"status":"available"},{"id":99996,"name":"doggie_by_ms","photoUrls":["string"],"tags":[{"id":0,"name":"string"}],"status":"available"},{"id":9223372036854773102,"category":{"id":0,"name":"string"},"name":"fish","photoUrls":["string"],"tags":[{"id":0,"name":"string"}],"status":"available"},{"id":9223372036854773103,"category":{"id":0,"name":"string"},"name":"fish","photoUrls":["string"],"tags":[{"id":0,"name":"string"}],"status":"available"},{"id":9223372036854773110,"category":{"id":0,"name":"string"},"name":"doggie","photoUrls":["string"],"tags":[{"id":0,"name":"string"}],"status":"available"},{"id":322,"category":{"id":323},"name":"Flopa","photoUrls":[],"tags":[],"status":"available"},{"id":9223372036854773116,"category":{"id":0,"name":"Жужа"},"name":"doggie","photoUrls":["string"],"tags":[{"id":0,"name":"string"}],"status":"available"},{"id":9223372036854773125,"category":{"id":0,"name":"string"},"name":"fish","photoUrls":["string"],"tags":[{"id":0,"name":"string"}],"status":"available"},{"id":9223372036854773127,"category":{"id":0,"name":"string"},"name":"fish","photoUrls":["string"],"tags":[{"id":0,"name":"string"}],"status":"available"},{"id":9223372036854773128,"category":{"id":0,"name":"string"},"name":"fish","photoUrls":["string"],"tags":[{"id":0,"name":"string"}],"status":"available"},{"id":9223372036854773129,"category":{"id":0,"name":"string"},"name":"fish","photoUrls":["string"],"tags":[{"id":0,"name":"string"}],"status":"available"},{"id":9223372036854773130,"category":{"id":0,"name":"Вава"},"name":"doggie","photoUrls":["string"],"tags":[{"id":0,"name":"string"}],"status":"available"},{"id":9223372036854773133,"category":{"id":0,"name":"cats"},"name":"красивые большие глазки","photoUrls":["https://klike.net/uploads/posts/2019-06/medium/1561011173_8.jpg"],"tags":[{"id":0,"name":"большие глазки"}],"status":"available"},{"id":103,"category":{"id":1,"name":"dog"},"name":"pokkirie","photoUrls":["string"],"tags":[{"id":0,"name":"string"}],"status":"available"},{"id":9223372036854773169,"name":"Jimmy","photoUrls":["string"],"tags":[],"status":"available"},{"id":9223372036854773170,"category":{"id":0,"name":"string"},"name":"doggie","photoUrls":["string"],"tags":[{"id":0,"name":"string"}],"status":"available"},{"id":9223372036854773187,"category":{"id":0,"name":"string"},"name":"fish","photoUrls":["string"],"tags":[{"id":0,"name":"string"}],"status":"available"},{"id":9223372036854773188,"category":{"id":0,"name":"string"},"name":"fish","photoUrls":["string"],"tags":[{"id":0,"name":"string"}],"status":"available"},{"id":90,"category":{"id":0,"name":"string"},"name":"\"\"","photoUrls":["string"],"tags":[{"id":0,"name":"tagSwathi"}],"status":"available"},{"id":9223372036854773198,"category":{"id":0,"name":"string"},"name":"doggie","photoUrls":["string"],"tags":[{"id":0,"name":"tagSwathi"}],"status":"available"},{"id":9223372036854773204,"category":{"id":0,"name":"string"},"name":"fish","photoUrls":["string"],"tags":[{"id":0,"name":"string"}],"status":"available"},{"id":55,"category":{"id":0,"name":"string"},"name":"VssAdministrator","photoUrls":["string"],"tags":[{"id":0,"name":"string"}],"status":"available"},{"id":9223372036854773212,"category":{"id":0,"name":"string"},"name":"doggie","photoUrls":["string"],"tags":[{"id":0,"name":"tagSwathi"}],"status":"available"},{"id":9223372036854773216,"category":{"id":0,"name":"string"},"name":"fish","photoUrls":["string"],"tags":[{"id":0,"name":"string"}],"status":"available"},{"id":9223372036854773218,"category":{"id":0,"name":"string"},"name":"doggie","photoUrls":["string"],"tags":[{"id":0,"name":"tagSwathi"}],"status":"available"},{"id":9223372036854773232,"category":{"id":0,"name":"string"},"name":"doggie","photoUrls":["string"],"tags":[{"id":0,"name":"tagSwathi"}],"status":"available"},{"id":9223372036854773236,"category":{"id":0,"name":"string"},"name":"doggie","photoUrls":["string"],"tags":[{"id":0,"name":"string"}],"status":"available"},{"id":9223372036854773250,"category":{"id":0,"name":"string"},"name":"doggie","photoUrls":["string"],"tags":[{"id":0,"name":"string"}],"status":"available"},{"id":9223372036854773251,"category":{"id":0,"name":"string"},"name":"doggie","photoUrls":["string"],"tags":[{"id":0,"name":"string"}],"status":"available"},{"id":9223372036854773252,"category":{"id":0,"name":"string"},"name":"fish","photoUrls":["string"],"tags":[{"id":0,"name":"string"}],"status":"available"},{"id":9223372036854773254,"category":{"id":0,"name":"string"},"name":"fish","photoUrls":["string"],"tags":[{"id":0,"name":"string"}],"status":"available"},{"id":9223372036854773263,"category":{"id":0,"name":"string"},"name":"fish","photoUrls":["string"],"tags":[{"id":0,"name":"string"}],"status":"available"},{"id":9223372036854773264,"category":{"id":0,"name":"string"},"name":"fish","photoUrls":["string"],"tags":[{"id":0,"name":"string"}],"status":"available"},{"id":9223372036854773265,"category":{"id":0,"name":"string"},"name":"doggie","photoUrls":["string"],"tags":[{"id":0,"name":"string"}],"status":"available"},{"id":9223372036854773266,"category":{"id":0,"name":"string"},"name":"doggie","photoUrls":["string"],"tags":[{"id":0,"name":"string"}],"status":"available"},{"id":9223372036854773267,"category":{"id":0,"name":"string"},"name":"doggie","photoUrls":["string"],"tags":[{"id":0,"name":"string"}],"status":"available"},{"id":9223372036854773268,"category":{"id":0,"name":"string"},"name":"doggie","photoUrls":["string"],"tags":[{"id":0,"name":"string"}],"status":"available"},{"id":9223372036854773269,"category":{"id":0,"name":"string"},"name":"doggie","photoUrls":["string"],"tags":[{"id":0,"name":"string"}],"status":"available"},{"id":9223372036854773270,"category":{"id":0,"name":"string"},"name":"doggie","photoUrls":["string"],"tags":[{"id":0,"name":"string"}],"status":"available"},{"id":9223372036854773273,"category":{"id":0,"name":"string"},"name":"doggie","photoUrls":["string"],"tags":[{"id":0,"name":"string"}],"status":"available"},{"id":9223372036854773274,"category":{"id":0,"name":"string"},"name":"doggie","photoUrls":["string"],"tags":[{"id":0,"name":"string"}],"status":"available"},{"id":9223372036854773276,"category":{"id":0,"name":"string"},"name":"doggie","photoUrls":["string"],"tags":[{"id":0,"name":"string"}],"status":"available"},{"id":9223372036854773278,"category":{"id":0,"name":"string"},"name":"doggie","photoUrls":["string"],"tags":[{"id":0,"name":"string"}],"status":"available"},{"id":9223372036854773283,"category":{"id":0,"name":"string"},"name":"doggie","photoUrls":["string"],"tags":[{"id":0,"name":"string"}],"status":"available"},{"id":12345,"category":{"id":0,"name":"cats"},"name":"красивые большие глазки","photoUrls":["https://klike.net/uploads/posts/2019-06/medium/1561011173_8.jpg"],"tags":[{"id":0,"name":"большие глазки"}],"status":"available"},{"id":1816,"category":{"id":1804,"name":"dog"},"name":"rex","photoUrls":["string"],"tags":[{"id":1804,"name":"sheperd"}],"status":"available"},{"id":9223372036854773285,"category":{"id":0,"name":"puppy"},"name":"doggie","photoUrls":["string"],"tags":[{"id":0,"name":"Charlie"}],"status":"available"},{"id":9223372036854773286,"category":{"id":0,"name":"string"},"name":"fish","photoUrls":["string"],"tags":[{"id":0,"name":"string"}],"status":"available"},{"id":9223372036854773287,"name":"siyaan","photoUrls":[],"tags":[],"status":"available"},{"id":9223372036854773288,"category":{"id":0,"name":"string"},"name":"doggie","photoUrls":["string"],"tags":[{"id":0,"name":"string"}],"status":"available"},{"id":9223372036854773289,"category":{"id":0,"name":"string"},"name":"doggie","photoUrls":["string"],"tags":[{"id":0,"name":"string"}],"status":"available"},{"id":9223372036854773290,"category":{"id":0,"name":"string"},"name":"fish","photoUrls":["string"],"tags":[{"id":0,"name":"string"}],"status":"available"},{"id":9223372036854773291,"category":{"id":0,"name":"string"},"name":"doggie","photoUrls":["string"],"tags":[{"id":0,"name":"string"}],"status":"available"},{"id":9223372036854773292,"category":{"id":0,"name":"string"},"name":"doggie","photoUrls":["string"],"tags":[{"id":0,"name":"string"}],"status":"available"},{"id":9223372036854773294,"category":{"id":0,"name":"string"},"name":"fish","photoUrls":["string"],"tags":[{"id":0,"name":"string"}],"status":"available"},{"id":9223372036854773295,"category":{"id":0,"name":"string"},"name":"fish","photoUrls":["string"],"tags":[{"id":0,"name":"string"}],"status":"available"},{"id":9223372036854773298,"category":{"id":0,"name":"string"},"name":"doggie","photoUrls":["string"],"tags":[{"id":0,"name":"string"}],"status":"available"},{"id":98798404,"category":{"id":67482512,"name":"eiusmod Excepteur cillum"},"name":"doggie","photoUrls":["consequat magna deserunt cupidatat","ullamco sunt amet ea conse"],"tags":[{"id":38658984,"name":"consequat tempor"},{"id":-69811051,"name":"eu cillum do nisi sit"}],"status":"available"},{"id":9223372036854773299,"category":{"id":0,"name":"string"},"name":"doggie","photoUrls":["string"],"tags":[{"id":0,"name":"string"}],"status":"available"},{"id":9223372036854773303,"category":{"id":0,"name":"string"},"name":"doggie","photoUrls":["string"],"tags":[{"id":0,"name":"string"}],"status":"available"},{"id":645,"category":{"id":1,"name":"dog"},"name":"Wow","photoUrls":[],"tags":[{"id":1,"name":"Dog"}],"status":"available"},{"id":9223372036854773320,"category":{"id":1,"name":"homie"},"name":"Alice322","photoUrls":["string"],"tags":[{"id":1,"name":"rabbit"}],"status":"available"},{"id":9223372036854773332,"category":{"id":0,"name":"string"},"name":"doggie","photoUrls":["string"],"tags":[{"id":0,"name":"string"}],"status":"available"},{"id":9223372036854773333,"category":{"id":0,"name":"string"},"name":"doggie","photoUrls":["string"],"tags":[{"id":0,"name":"string"}],"status":"available"},{"id":9223372036854773334,"category":{"id":0,"name":"string"},"name":"Blue","photoUrls":["string"],"tags":[{"id":0,"name":"string"}],"status":"available"},{"id":9223372036854773335,"category":{"id":0,"name":"string"},"name":"doggie","photoUrls":["string"],"tags":[{"id":0,"name":"string"}],"status":"available"},{"id":9223372036854773337,"category":{"id":0,"name":"Вава"},"name":"doggie","photoUrls":["string"],"tags":[{"id":0,"name":"string"}],"status":"available"},{"id":9223372036854773338,"category":{"id":0,"name":"string"},"name":"fish","photoUrls":["string"],"tags":[{"id":0,"name":"string"}],"status":"available"},{"id":9223372036854773339,"category":{"id":0,"name":"string"},"name":"doggie","photoUrls":["string"],"tags":[{"id":0,"name":"string"}],"status":"available"},{"id":9223372036854773340,"category":{"id":0,"name":"string"},"name":"doggie","photoUrls":["string"],"tags":[{"id":0,"name":"string"}],"status":"available"},{"id":19,"category":{"id":0,"name":"string"},"name":"doggie","photoUrls":["string"],"tags":[{"id":0,"name":"string"}],"status":"available"},{"id":9223372036854773345,"category":{"id":0,"name":"string"},"name":"fish","photoUrls":["string"],"tags":[{"id":0,"name":"string"}],"status":"available"},{"id":12,"category":{"id":1,"name":"string"},"name":"doggie","photoUrls":["string"],"tags":[{"id":1,"name":"string"}],"status":"available"},{"id":9223372036854773348,"category":{"id":0,"name":"string"},"name":"doggie","photoUrls":["string"],"tags":[{"id":0,"name":"string"}],"status":"available"},{"id":9223372036854773351,"category":{"id":0,"name":"Вава"},"name":"doggie","photoUrls":["string"],"tags":[{"id":0,"name":"string"}],"status":"available"},{"id":9223372036854773352,"category":{"id":0,"name":"string"},"name":"doggie","photoUrls":["string"],"tags":[{"id":0,"name":"string"}],"status":"available"},{"id":9223372036854773353,"category":{"id":0,"name":"string"},"name":"fish","photoUrls":["string"],"tags":[{"id":0,"name":"string"}],"status":"available"},{"id":9223372036854773363,"category":{"id":0,"name":"Вава"},"name":"doggie","photoUrls":["string"],"tags":[{"id":0,"name":"string"}],"status":"available"},{"id":9223372036854773367,"category":{"id":0,"name":"string"},"name":"doggie","photoUrls":["string"],"tags":[{"id":0,"name":"string"}],"status":"available"},{"id":9223372036854773368,"category":{"id":0,"name":"string"},"name":"doggie","photoUrls":["string"],"tags":[{"id":0,"name":"string"}],"status":"available"},{"id":83402955,"category":{"id":-47552382,"name":"non commodo in"},"name":"doggie","photoUrls":["est","aliqua culpa reprehenderit labore"],"tags":[{"id":-12365530,"name":"ea"},{"id":4697299,"name":"deserunt"}],"status":"available"},{"id":9223372036854773369,"category":{"id":0,"name":"string"},"name":"test","photoUrls":["string"],"tags":[{"id":0,"name":"string"}],"status":"available"},{"id":9223372036854773370,"category":{"id":0,"name":"string"},"name":"test","photoUrls":["string"],"tags":[{"id":0,"name":"string"}],"status":"available"},{"id":9223372036854773371,"category":{"id":0,"name":"string"},"name":"test","photoUrls":["string"],"tags":[{"id":0,"name":"string"}],"status":"available"},{"id":9223372036854773372,"category":{"id":0,"name":"string"},"name":"test","photoUrls":["string"],"tags":[{"id":0,"name":"string"}],"status":"available"},{"id":17751411,"category":{"id":95379400,"name":"esse iru"},"name":"doggie","photoUrls":["in cupidatat nulla","est laborum ut"],"tags":[{"id":57974765,"name":"incididunt ea sit"},{"id":-82122710,"name":"dolor sint in ea"}],"status":"available"},{"id":9223372036854773375,"category":{"id":0,"name":"string"},"name":"fish","photoUrls":["string"],"tags":[{"id":0,"name":"string"}],"status":"available"},{"id":9223372036854773377,"category":{"id":0,"name":"string"},"name":"doggie","photoUrls":["string"],"tags":[{"id":0,"name":"string"}],"status":"available"},{"id":9223372036854773379,"category":{"id":0,"name":"Вава"},"name":"doggie","photoUrls":["string"],"tags":[{"id":0,"name":"string"}],"status":"available"},{"id":1,"category":{"id":1,"name":"string"},"name":"doggie","photoUrls":["string"],"tags":[{"id":1,"name":"string"}],"status":"available"},{"id":9223372036854773382,"category":{"id":0,"name":"Вава"},"name":"doggie","photoUrls":["string"],"tags":[{"id":0,"name":"string"}],"status":"available"}]
classpath:examples/users/pets.feature:19
js failed:
>>>>
01: https://petstore.swagger.io/v2/pet/1
<<<<
org.graalvm.polyglot.PolyglotException: SyntaxError: Unnamed:1:36 Expected ; but found eof
https://petstore.swagger.io/v2/pet/1
                                    ^

- org.graalvm.polyglot.Context.eval(Context.java:425)
- com.intuit.karate.graal.JsEngine.evalForValue(JsEngine.java:139)
- com.intuit.karate.graal.JsEngine.eval(JsEngine.java:135)
- com.intuit.karate.core.ScenarioEngine.evalJs(ScenarioEngine.java:1190)
- com.intuit.karate.core.ScenarioEngine.evalKarateExpression(ScenarioEngine.java:2143)
- com.intuit.karate.core.ScenarioEngine.evalKarateExpression(ScenarioEngine.java:2062)
- com.intuit.karate.core.ScenarioEngine.url(ScenarioEngine.java:371)

classpath:examples/users/pets.feature:22
<<<

HTML report: (paste into browser to view) | Karate version: 1.3.1
file:///C:/Workspace/Karate/Karate/karate_test/target/karate-reports/karate-summary.html
===================================================================

]]></system-out>
  </testcase>
</testsuite>